{"C:\\Users\\Admin\\Desktop\\Workspace\\DEV\\Openclassrooms\\Projets_Openclassrooms_concepteur_app_react\\Project_14_wealth_health\\WealthHealth_Employee_Management\\src\\UI\\mappers\\StateMapper.ts": {"path":"C:\\Users\\Admin\\Desktop\\Workspace\\DEV\\Openclassrooms\\Projets_Openclassrooms_concepteur_app_react\\Project_14_wealth_health\\WealthHealth_Employee_Management\\src\\UI\\mappers\\StateMapper.ts","all":false,"statementMap":{"0":{"start":{"line":1,"column":0},"end":{"line":1,"column":50}},"1":{"start":{"line":2,"column":0},"end":{"line":2,"column":38}},"2":{"start":{"line":3,"column":0},"end":{"line":3,"column":0}},"3":{"start":{"line":4,"column":0},"end":{"line":4,"column":19}},"4":{"start":{"line":5,"column":0},"end":{"line":5,"column":25}},"5":{"start":{"line":6,"column":0},"end":{"line":6,"column":87}},"6":{"start":{"line":7,"column":0},"end":{"line":7,"column":2}},"7":{"start":{"line":8,"column":0},"end":{"line":8,"column":1}},"8":{"start":{"line":9,"column":0},"end":{"line":9,"column":0}},"9":{"start":{"line":10,"column":0},"end":{"line":10,"column":26}}},"s":{"0":1,"1":1,"2":1,"3":1,"4":1,"5":472,"6":472,"7":1,"8":1,"9":1},"branchMap":{"0":{"type":"branch","line":5,"loc":{"start":{"line":5,"column":1},"end":{"line":7,"column":2}},"locations":[{"start":{"line":5,"column":1},"end":{"line":7,"column":2}}]}},"b":{"0":[472]},"fnMap":{"0":{"name":"mapState","decl":{"start":{"line":5,"column":1},"end":{"line":7,"column":2}},"loc":{"start":{"line":5,"column":1},"end":{"line":7,"column":2}},"line":5}},"f":{"0":472}}
,"C:\\Users\\Admin\\Desktop\\Workspace\\DEV\\Openclassrooms\\Projets_Openclassrooms_concepteur_app_react\\Project_14_wealth_health\\WealthHealth_Employee_Management\\src\\components\\buttons\\button-form\\ButtonForm.tsx": {"path":"C:\\Users\\Admin\\Desktop\\Workspace\\DEV\\Openclassrooms\\Projets_Openclassrooms_concepteur_app_react\\Project_14_wealth_health\\WealthHealth_Employee_Management\\src\\components\\buttons\\button-form\\ButtonForm.tsx","all":false,"statementMap":{"0":{"start":{"line":1,"column":0},"end":{"line":1,"column":43}},"1":{"start":{"line":2,"column":0},"end":{"line":2,"column":0}},"2":{"start":{"line":3,"column":0},"end":{"line":3,"column":24}},"3":{"start":{"line":4,"column":0},"end":{"line":4,"column":19}},"4":{"start":{"line":5,"column":0},"end":{"line":5,"column":18}},"5":{"start":{"line":6,"column":0},"end":{"line":6,"column":28}},"6":{"start":{"line":7,"column":0},"end":{"line":7,"column":36}},"7":{"start":{"line":8,"column":0},"end":{"line":8,"column":14}},"8":{"start":{"line":9,"column":0},"end":{"line":9,"column":4}},"9":{"start":{"line":10,"column":0},"end":{"line":10,"column":61}},"10":{"start":{"line":11,"column":0},"end":{"line":11,"column":0}},"11":{"start":{"line":12,"column":0},"end":{"line":12,"column":9}},"12":{"start":{"line":13,"column":0},"end":{"line":13,"column":10}},"13":{"start":{"line":14,"column":0},"end":{"line":14,"column":20}},"14":{"start":{"line":15,"column":0},"end":{"line":15,"column":14}},"15":{"start":{"line":16,"column":0},"end":{"line":16,"column":26}},"16":{"start":{"line":17,"column":0},"end":{"line":17,"column":24}},"17":{"start":{"line":18,"column":0},"end":{"line":18,"column":14}},"18":{"start":{"line":19,"column":0},"end":{"line":19,"column":3}},"19":{"start":{"line":20,"column":0},"end":{"line":20,"column":9}},"20":{"start":{"line":21,"column":0},"end":{"line":21,"column":12}},"21":{"start":{"line":22,"column":0},"end":{"line":22,"column":2}},"22":{"start":{"line":23,"column":0},"end":{"line":23,"column":1}},"23":{"start":{"line":24,"column":0},"end":{"line":24,"column":0}},"24":{"start":{"line":25,"column":0},"end":{"line":25,"column":21}}},"s":{"0":1,"1":1,"2":18,"3":18,"4":18,"5":18,"6":18,"7":18,"8":18,"9":18,"10":18,"11":18,"12":18,"13":18,"14":18,"15":18,"16":18,"17":18,"18":18,"19":18,"20":18,"21":18,"22":18,"23":1,"24":1},"branchMap":{"0":{"type":"branch","line":3,"loc":{"start":{"line":3,"column":0},"end":{"line":23,"column":1}},"locations":[{"start":{"line":3,"column":0},"end":{"line":23,"column":1}}]}},"b":{"0":[18]},"fnMap":{"0":{"name":"Button","decl":{"start":{"line":3,"column":0},"end":{"line":23,"column":1}},"loc":{"start":{"line":3,"column":0},"end":{"line":23,"column":1}},"line":3}},"f":{"0":18}}
,"C:\\Users\\Admin\\Desktop\\Workspace\\DEV\\Openclassrooms\\Projets_Openclassrooms_concepteur_app_react\\Project_14_wealth_health\\WealthHealth_Employee_Management\\src\\components\\buttons\\button-form\\buttonFormStyle.ts": {"path":"C:\\Users\\Admin\\Desktop\\Workspace\\DEV\\Openclassrooms\\Projets_Openclassrooms_concepteur_app_react\\Project_14_wealth_health\\WealthHealth_Employee_Management\\src\\components\\buttons\\button-form\\buttonFormStyle.ts","all":false,"statementMap":{"0":{"start":{"line":1,"column":0},"end":{"line":1,"column":38}},"1":{"start":{"line":2,"column":0},"end":{"line":2,"column":0}},"2":{"start":{"line":3,"column":0},"end":{"line":3,"column":80}},"3":{"start":{"line":4,"column":0},"end":{"line":4,"column":14}},"4":{"start":{"line":5,"column":0},"end":{"line":5,"column":14}},"5":{"start":{"line":6,"column":0},"end":{"line":6,"column":17}},"6":{"start":{"line":7,"column":0},"end":{"line":7,"column":18}},"7":{"start":{"line":8,"column":0},"end":{"line":8,"column":21}},"8":{"start":{"line":9,"column":0},"end":{"line":9,"column":14}},"9":{"start":{"line":10,"column":0},"end":{"line":10,"column":17}},"10":{"start":{"line":11,"column":0},"end":{"line":11,"column":13}},"11":{"start":{"line":12,"column":0},"end":{"line":12,"column":30}},"12":{"start":{"line":13,"column":0},"end":{"line":13,"column":40}},"13":{"start":{"line":14,"column":0},"end":{"line":14,"column":3}},"14":{"start":{"line":15,"column":0},"end":{"line":15,"column":9}},"15":{"start":{"line":16,"column":0},"end":{"line":16,"column":24}},"16":{"start":{"line":17,"column":0},"end":{"line":17,"column":2}},"17":{"start":{"line":18,"column":0},"end":{"line":18,"column":1}}},"s":{"0":1,"1":1,"2":1,"3":1,"4":1,"5":1,"6":1,"7":1,"8":1,"9":1,"10":1,"11":18,"12":18,"13":1,"14":1,"15":1,"16":1,"17":1},"branchMap":{"0":{"type":"branch","line":11,"loc":{"start":{"line":11,"column":3},"end":{"line":13,"column":40}},"locations":[{"start":{"line":11,"column":3},"end":{"line":13,"column":40}}]},"1":{"type":"branch","line":13,"loc":{"start":{"line":13,"column":28},"end":{"line":13,"column":40}},"locations":[{"start":{"line":13,"column":28},"end":{"line":13,"column":40}}]}},"b":{"0":[18],"1":[18]},"fnMap":{"0":{"name":"get","decl":{"start":{"line":13,"column":28},"end":{"line":13,"column":40}},"loc":{"start":{"line":13,"column":28},"end":{"line":13,"column":40}},"line":13}},"f":{"0":18}}
,"C:\\Users\\Admin\\Desktop\\Workspace\\DEV\\Openclassrooms\\Projets_Openclassrooms_concepteur_app_react\\Project_14_wealth_health\\WealthHealth_Employee_Management\\src\\components\\buttons\\button-modal\\ButtonModal.tsx": {"path":"C:\\Users\\Admin\\Desktop\\Workspace\\DEV\\Openclassrooms\\Projets_Openclassrooms_concepteur_app_react\\Project_14_wealth_health\\WealthHealth_Employee_Management\\src\\components\\buttons\\button-modal\\ButtonModal.tsx","all":false,"statementMap":{"0":{"start":{"line":1,"column":0},"end":{"line":1,"column":43}},"1":{"start":{"line":2,"column":0},"end":{"line":2,"column":0}},"2":{"start":{"line":3,"column":0},"end":{"line":3,"column":29}},"3":{"start":{"line":4,"column":0},"end":{"line":4,"column":24}},"4":{"start":{"line":5,"column":0},"end":{"line":5,"column":25}},"5":{"start":{"line":6,"column":0},"end":{"line":6,"column":21}},"6":{"start":{"line":7,"column":0},"end":{"line":7,"column":20}},"7":{"start":{"line":8,"column":0},"end":{"line":8,"column":17}},"8":{"start":{"line":9,"column":0},"end":{"line":9,"column":4}},"9":{"start":{"line":10,"column":0},"end":{"line":10,"column":79}},"10":{"start":{"line":11,"column":0},"end":{"line":11,"column":0}},"11":{"start":{"line":12,"column":0},"end":{"line":12,"column":51}},"12":{"start":{"line":13,"column":0},"end":{"line":13,"column":0}},"13":{"start":{"line":14,"column":0},"end":{"line":14,"column":9}},"14":{"start":{"line":15,"column":0},"end":{"line":15,"column":91}},"15":{"start":{"line":16,"column":0},"end":{"line":16,"column":13}},"16":{"start":{"line":17,"column":0},"end":{"line":17,"column":11}},"17":{"start":{"line":18,"column":0},"end":{"line":18,"column":2}},"18":{"start":{"line":19,"column":0},"end":{"line":19,"column":1}},"19":{"start":{"line":20,"column":0},"end":{"line":20,"column":0}},"20":{"start":{"line":21,"column":0},"end":{"line":21,"column":26}}},"s":{"0":1,"1":1,"2":0,"3":0,"4":0,"5":0,"6":0,"7":0,"8":0,"9":0,"10":0,"11":0,"12":0,"13":0,"14":0,"15":0,"16":0,"17":0,"18":0,"19":1,"20":1},"branchMap":{},"b":{},"fnMap":{"0":{"name":"ButtonModal","decl":{"start":{"line":3,"column":0},"end":{"line":19,"column":1}},"loc":{"start":{"line":3,"column":0},"end":{"line":19,"column":1}},"line":3}},"f":{"0":0}}
,"C:\\Users\\Admin\\Desktop\\Workspace\\DEV\\Openclassrooms\\Projets_Openclassrooms_concepteur_app_react\\Project_14_wealth_health\\WealthHealth_Employee_Management\\src\\components\\buttons\\button-modal\\buttonModalStyle.ts": {"path":"C:\\Users\\Admin\\Desktop\\Workspace\\DEV\\Openclassrooms\\Projets_Openclassrooms_concepteur_app_react\\Project_14_wealth_health\\WealthHealth_Employee_Management\\src\\components\\buttons\\button-modal\\buttonModalStyle.ts","all":false,"statementMap":{"0":{"start":{"line":1,"column":0},"end":{"line":1,"column":38}},"1":{"start":{"line":2,"column":0},"end":{"line":2,"column":0}},"2":{"start":{"line":3,"column":0},"end":{"line":3,"column":37}},"3":{"start":{"line":4,"column":0},"end":{"line":4,"column":17}},"4":{"start":{"line":5,"column":0},"end":{"line":5,"column":21}},"5":{"start":{"line":6,"column":0},"end":{"line":6,"column":22}},"6":{"start":{"line":7,"column":0},"end":{"line":7,"column":3}},"7":{"start":{"line":8,"column":0},"end":{"line":8,"column":13}},"8":{"start":{"line":9,"column":0},"end":{"line":9,"column":91}},"9":{"start":{"line":10,"column":0},"end":{"line":10,"column":71}},"10":{"start":{"line":11,"column":0},"end":{"line":11,"column":7}},"11":{"start":{"line":12,"column":0},"end":{"line":12,"column":13}},"12":{"start":{"line":13,"column":0},"end":{"line":13,"column":24}},"13":{"start":{"line":14,"column":0},"end":{"line":14,"column":16}},"14":{"start":{"line":15,"column":0},"end":{"line":15,"column":18}},"15":{"start":{"line":16,"column":0},"end":{"line":16,"column":17}},"16":{"start":{"line":17,"column":0},"end":{"line":17,"column":9}},"17":{"start":{"line":18,"column":0},"end":{"line":18,"column":91}},"18":{"start":{"line":19,"column":0},"end":{"line":19,"column":17}},"19":{"start":{"line":20,"column":0},"end":{"line":20,"column":2}},"20":{"start":{"line":21,"column":0},"end":{"line":21,"column":1}}},"s":{"0":1,"1":1,"2":1,"3":1,"4":1,"5":1,"6":1,"7":1,"8":0,"9":0,"10":1,"11":1,"12":1,"13":1,"14":1,"15":1,"16":1,"17":1,"18":1,"19":1,"20":1},"branchMap":{},"b":{},"fnMap":{"0":{"name":"Object.defineProperty.enumerable","decl":{"start":{"line":8,"column":3},"end":{"line":10,"column":71}},"loc":{"start":{"line":8,"column":3},"end":{"line":10,"column":71}},"line":8},"1":{"name":"get","decl":{"start":{"line":18,"column":78},"end":{"line":18,"column":91}},"loc":{"start":{"line":18,"column":78},"end":{"line":18,"column":91}},"line":18}},"f":{"0":0,"1":0}}
,"C:\\Users\\Admin\\Desktop\\Workspace\\DEV\\Openclassrooms\\Projets_Openclassrooms_concepteur_app_react\\Project_14_wealth_health\\WealthHealth_Employee_Management\\src\\components\\date-picker\\DatePicker.tsx": {"path":"C:\\Users\\Admin\\Desktop\\Workspace\\DEV\\Openclassrooms\\Projets_Openclassrooms_concepteur_app_react\\Project_14_wealth_health\\WealthHealth_Employee_Management\\src\\components\\date-picker\\DatePicker.tsx","all":false,"statementMap":{"0":{"start":{"line":1,"column":0},"end":{"line":1,"column":51}},"1":{"start":{"line":2,"column":0},"end":{"line":2,"column":41}},"2":{"start":{"line":3,"column":0},"end":{"line":3,"column":43}},"3":{"start":{"line":4,"column":0},"end":{"line":4,"column":41}},"4":{"start":{"line":5,"column":0},"end":{"line":5,"column":42}},"5":{"start":{"line":6,"column":0},"end":{"line":6,"column":0}},"6":{"start":{"line":7,"column":0},"end":{"line":7,"column":33}},"7":{"start":{"line":8,"column":0},"end":{"line":8,"column":11}},"8":{"start":{"line":9,"column":0},"end":{"line":9,"column":13}},"9":{"start":{"line":10,"column":0},"end":{"line":10,"column":27}},"10":{"start":{"line":11,"column":0},"end":{"line":11,"column":26}},"11":{"start":{"line":12,"column":0},"end":{"line":12,"column":16}},"12":{"start":{"line":13,"column":0},"end":{"line":13,"column":17}},"13":{"start":{"line":14,"column":0},"end":{"line":14,"column":19}},"14":{"start":{"line":15,"column":0},"end":{"line":15,"column":4}},"15":{"start":{"line":16,"column":0},"end":{"line":16,"column":88}},"16":{"start":{"line":17,"column":0},"end":{"line":17,"column":0}},"17":{"start":{"line":18,"column":0},"end":{"line":18,"column":41}},"18":{"start":{"line":19,"column":0},"end":{"line":19,"column":0}},"19":{"start":{"line":20,"column":0},"end":{"line":20,"column":62}},"20":{"start":{"line":21,"column":0},"end":{"line":21,"column":70}},"21":{"start":{"line":22,"column":0},"end":{"line":22,"column":61}},"22":{"start":{"line":23,"column":0},"end":{"line":23,"column":0}},"23":{"start":{"line":24,"column":0},"end":{"line":24,"column":41}},"24":{"start":{"line":25,"column":0},"end":{"line":25,"column":14}},"25":{"start":{"line":26,"column":0},"end":{"line":26,"column":21}},"26":{"start":{"line":27,"column":0},"end":{"line":27,"column":18}},"27":{"start":{"line":28,"column":0},"end":{"line":28,"column":3}},"28":{"start":{"line":29,"column":0},"end":{"line":29,"column":2}},"29":{"start":{"line":30,"column":0},"end":{"line":30,"column":0}},"30":{"start":{"line":31,"column":0},"end":{"line":31,"column":18}},"31":{"start":{"line":32,"column":0},"end":{"line":32,"column":21}},"32":{"start":{"line":33,"column":0},"end":{"line":33,"column":41}},"33":{"start":{"line":34,"column":0},"end":{"line":34,"column":23}},"34":{"start":{"line":35,"column":0},"end":{"line":35,"column":0}},"35":{"start":{"line":36,"column":0},"end":{"line":36,"column":67}},"36":{"start":{"line":37,"column":0},"end":{"line":37,"column":39}},"37":{"start":{"line":38,"column":0},"end":{"line":38,"column":34}},"38":{"start":{"line":39,"column":0},"end":{"line":39,"column":2}},"39":{"start":{"line":40,"column":0},"end":{"line":40,"column":0}},"40":{"start":{"line":41,"column":0},"end":{"line":41,"column":9}},"41":{"start":{"line":42,"column":0},"end":{"line":42,"column":4}},"42":{"start":{"line":43,"column":0},"end":{"line":43,"column":14}},"43":{"start":{"line":44,"column":0},"end":{"line":44,"column":24}},"44":{"start":{"line":45,"column":0},"end":{"line":45,"column":20}},"45":{"start":{"line":46,"column":0},"end":{"line":46,"column":27}},"46":{"start":{"line":47,"column":0},"end":{"line":47,"column":32}},"47":{"start":{"line":48,"column":0},"end":{"line":48,"column":25}},"48":{"start":{"line":49,"column":0},"end":{"line":49,"column":23}},"49":{"start":{"line":50,"column":0},"end":{"line":50,"column":33}},"50":{"start":{"line":51,"column":0},"end":{"line":51,"column":6}},"51":{"start":{"line":52,"column":0},"end":{"line":52,"column":64}},"52":{"start":{"line":53,"column":0},"end":{"line":53,"column":11}},"53":{"start":{"line":54,"column":0},"end":{"line":54,"column":15}},"54":{"start":{"line":55,"column":0},"end":{"line":55,"column":5}},"55":{"start":{"line":56,"column":0},"end":{"line":56,"column":62}},"56":{"start":{"line":57,"column":0},"end":{"line":57,"column":5}},"57":{"start":{"line":58,"column":0},"end":{"line":58,"column":2}},"58":{"start":{"line":59,"column":0},"end":{"line":59,"column":1}},"59":{"start":{"line":60,"column":0},"end":{"line":60,"column":0}},"60":{"start":{"line":61,"column":0},"end":{"line":61,"column":30}}},"s":{"0":1,"1":1,"2":1,"3":1,"4":1,"5":1,"6":16,"7":16,"8":16,"9":16,"10":16,"11":16,"12":16,"13":16,"14":16,"15":16,"16":16,"17":16,"18":16,"19":16,"20":16,"21":16,"22":16,"23":16,"24":2,"25":0,"26":0,"27":0,"28":2,"29":16,"30":16,"31":2,"32":2,"33":16,"34":16,"35":16,"36":0,"37":0,"38":0,"39":16,"40":16,"41":16,"42":16,"43":16,"44":16,"45":16,"46":16,"47":16,"48":2,"49":2,"50":2,"51":16,"52":16,"53":16,"54":16,"55":16,"56":16,"57":16,"58":16,"59":1,"60":1},"branchMap":{"0":{"type":"branch","line":7,"loc":{"start":{"line":7,"column":0},"end":{"line":59,"column":1}},"locations":[{"start":{"line":7,"column":0},"end":{"line":59,"column":1}}]},"1":{"type":"branch","line":56,"loc":{"start":{"line":56,"column":16},"end":{"line":56,"column":61}},"locations":[{"start":{"line":56,"column":16},"end":{"line":56,"column":61}}]},"2":{"type":"branch","line":24,"loc":{"start":{"line":24,"column":20},"end":{"line":29,"column":2}},"locations":[{"start":{"line":24,"column":20},"end":{"line":29,"column":2}}]},"3":{"type":"branch","line":25,"loc":{"start":{"line":25,"column":13},"end":{"line":28,"column":3}},"locations":[{"start":{"line":25,"column":13},"end":{"line":28,"column":3}}]},"4":{"type":"branch","line":31,"loc":{"start":{"line":31,"column":11},"end":{"line":34,"column":4}},"locations":[{"start":{"line":31,"column":11},"end":{"line":34,"column":4}}]},"5":{"type":"branch","line":48,"loc":{"start":{"line":48,"column":15},"end":{"line":51,"column":6}},"locations":[{"start":{"line":48,"column":15},"end":{"line":51,"column":6}}]}},"b":{"0":[16],"1":[0],"2":[2],"3":[0],"4":[2],"5":[2]},"fnMap":{"0":{"name":"DatePickerInput","decl":{"start":{"line":7,"column":0},"end":{"line":59,"column":1}},"loc":{"start":{"line":7,"column":0},"end":{"line":59,"column":1}},"line":7},"1":{"name":"clearInput","decl":{"start":{"line":24,"column":20},"end":{"line":29,"column":2}},"loc":{"start":{"line":24,"column":20},"end":{"line":29,"column":2}},"line":24},"2":{"name":"handleOnCloseCalendar","decl":{"start":{"line":36,"column":31},"end":{"line":39,"column":2}},"loc":{"start":{"line":36,"column":31},"end":{"line":39,"column":2}},"line":36},"3":{"name":"onChange","decl":{"start":{"line":48,"column":15},"end":{"line":51,"column":6}},"loc":{"start":{"line":48,"column":15},"end":{"line":51,"column":6}},"line":48},"4":{"name":"onCalendarClose","decl":{"start":{"line":52,"column":21},"end":{"line":52,"column":64}},"loc":{"start":{"line":52,"column":21},"end":{"line":52,"column":64}},"line":52}},"f":{"0":16,"1":2,"2":0,"3":2,"4":0}}
,"C:\\Users\\Admin\\Desktop\\Workspace\\DEV\\Openclassrooms\\Projets_Openclassrooms_concepteur_app_react\\Project_14_wealth_health\\WealthHealth_Employee_Management\\src\\components\\date-picker\\datePickerStyle.ts": {"path":"C:\\Users\\Admin\\Desktop\\Workspace\\DEV\\Openclassrooms\\Projets_Openclassrooms_concepteur_app_react\\Project_14_wealth_health\\WealthHealth_Employee_Management\\src\\components\\date-picker\\datePickerStyle.ts","all":false,"statementMap":{"0":{"start":{"line":1,"column":0},"end":{"line":1,"column":38}},"1":{"start":{"line":2,"column":0},"end":{"line":2,"column":0}},"2":{"start":{"line":3,"column":0},"end":{"line":3,"column":33}},"3":{"start":{"line":4,"column":0},"end":{"line":4,"column":12}},"4":{"start":{"line":5,"column":0},"end":{"line":5,"column":1}}},"s":{"0":1,"1":1,"2":1,"3":1,"4":1},"branchMap":{},"b":{},"fnMap":{"0":{"name":"get","decl":{"start":{"line":3,"column":28},"end":{"line":3,"column":33}},"loc":{"start":{"line":3,"column":28},"end":{"line":3,"column":33}},"line":3}},"f":{"0":0}}
,"C:\\Users\\Admin\\Desktop\\Workspace\\DEV\\Openclassrooms\\Projets_Openclassrooms_concepteur_app_react\\Project_14_wealth_health\\WealthHealth_Employee_Management\\src\\components\\date-picker\\setOnError.ts": {"path":"C:\\Users\\Admin\\Desktop\\Workspace\\DEV\\Openclassrooms\\Projets_Openclassrooms_concepteur_app_react\\Project_14_wealth_health\\WealthHealth_Employee_Management\\src\\components\\date-picker\\setOnError.ts","all":false,"statementMap":{"0":{"start":{"line":1,"column":0},"end":{"line":1,"column":23}},"1":{"start":{"line":2,"column":0},"end":{"line":2,"column":50}},"2":{"start":{"line":3,"column":0},"end":{"line":3,"column":0}},"3":{"start":{"line":4,"column":0},"end":{"line":4,"column":62}},"4":{"start":{"line":5,"column":0},"end":{"line":5,"column":36}},"5":{"start":{"line":6,"column":0},"end":{"line":6,"column":24}},"6":{"start":{"line":7,"column":0},"end":{"line":7,"column":44}},"7":{"start":{"line":8,"column":0},"end":{"line":8,"column":22}},"8":{"start":{"line":9,"column":0},"end":{"line":9,"column":3}},"9":{"start":{"line":10,"column":0},"end":{"line":10,"column":2}},"10":{"start":{"line":11,"column":0},"end":{"line":11,"column":0}},"11":{"start":{"line":12,"column":0},"end":{"line":12,"column":33}},"12":{"start":{"line":13,"column":0},"end":{"line":13,"column":17}},"13":{"start":{"line":14,"column":0},"end":{"line":14,"column":20}},"14":{"start":{"line":15,"column":0},"end":{"line":15,"column":79}},"15":{"start":{"line":16,"column":0},"end":{"line":16,"column":9}},"16":{"start":{"line":17,"column":0},"end":{"line":17,"column":19}},"17":{"start":{"line":18,"column":0},"end":{"line":18,"column":79}},"18":{"start":{"line":19,"column":0},"end":{"line":19,"column":9}},"19":{"start":{"line":20,"column":0},"end":{"line":20,"column":3}},"20":{"start":{"line":21,"column":0},"end":{"line":21,"column":2}},"21":{"start":{"line":22,"column":0},"end":{"line":22,"column":0}},"22":{"start":{"line":23,"column":0},"end":{"line":23,"column":35}},"23":{"start":{"line":24,"column":0},"end":{"line":24,"column":17}},"24":{"start":{"line":25,"column":0},"end":{"line":25,"column":20}},"25":{"start":{"line":26,"column":0},"end":{"line":26,"column":70}},"26":{"start":{"line":27,"column":0},"end":{"line":27,"column":9}},"27":{"start":{"line":28,"column":0},"end":{"line":28,"column":19}},"28":{"start":{"line":29,"column":0},"end":{"line":29,"column":70}},"29":{"start":{"line":30,"column":0},"end":{"line":30,"column":9}},"30":{"start":{"line":31,"column":0},"end":{"line":31,"column":3}},"31":{"start":{"line":32,"column":0},"end":{"line":32,"column":2}},"32":{"start":{"line":33,"column":0},"end":{"line":33,"column":1}},"33":{"start":{"line":34,"column":0},"end":{"line":34,"column":0}},"34":{"start":{"line":35,"column":0},"end":{"line":35,"column":30}}},"s":{"0":1,"1":1,"2":1,"3":1,"4":2,"5":0,"6":2,"7":0,"8":0,"9":2,"10":1,"11":1,"12":0,"13":0,"14":0,"15":0,"16":0,"17":0,"18":0,"19":0,"20":0,"21":1,"22":1,"23":0,"24":0,"25":0,"26":0,"27":0,"28":0,"29":0,"30":0,"31":0,"32":1,"33":1,"34":1},"branchMap":{"0":{"type":"branch","line":2,"loc":{"start":{"line":2,"column":9},"end":{"line":2,"column":50}},"locations":[{"start":{"line":2,"column":9},"end":{"line":2,"column":50}}]},"1":{"type":"branch","line":4,"loc":{"start":{"line":4,"column":8},"end":{"line":10,"column":2}},"locations":[{"start":{"line":4,"column":8},"end":{"line":10,"column":2}}]},"2":{"type":"branch","line":5,"loc":{"start":{"line":5,"column":6},"end":{"line":5,"column":35}},"locations":[{"start":{"line":5,"column":6},"end":{"line":5,"column":35}}]},"3":{"type":"branch","line":5,"loc":{"start":{"line":5,"column":35},"end":{"line":7,"column":13}},"locations":[{"start":{"line":5,"column":35},"end":{"line":7,"column":13}}]},"4":{"type":"branch","line":7,"loc":{"start":{"line":7,"column":43},"end":{"line":9,"column":3}},"locations":[{"start":{"line":7,"column":43},"end":{"line":9,"column":3}}]}},"b":{"0":[16],"1":[2],"2":[0],"3":[0],"4":[0]},"fnMap":{"0":{"name":"<instance_members_initializer>","decl":{"start":{"line":2,"column":9},"end":{"line":2,"column":50}},"loc":{"start":{"line":2,"column":9},"end":{"line":2,"column":50}},"line":2},"1":{"name":"getStyleError","decl":{"start":{"line":4,"column":8},"end":{"line":10,"column":2}},"loc":{"start":{"line":4,"column":8},"end":{"line":10,"column":2}},"line":4},"2":{"name":"setError","decl":{"start":{"line":12,"column":9},"end":{"line":21,"column":2}},"loc":{"start":{"line":12,"column":9},"end":{"line":21,"column":2}},"line":12},"3":{"name":"cleanError","decl":{"start":{"line":23,"column":9},"end":{"line":32,"column":2}},"loc":{"start":{"line":23,"column":9},"end":{"line":32,"column":2}},"line":23}},"f":{"0":16,"1":2,"2":0,"3":0}}
,"C:\\Users\\Admin\\Desktop\\Workspace\\DEV\\Openclassrooms\\Projets_Openclassrooms_concepteur_app_react\\Project_14_wealth_health\\WealthHealth_Employee_Management\\src\\components\\input\\InputCustom.tsx": {"path":"C:\\Users\\Admin\\Desktop\\Workspace\\DEV\\Openclassrooms\\Projets_Openclassrooms_concepteur_app_react\\Project_14_wealth_health\\WealthHealth_Employee_Management\\src\\components\\input\\InputCustom.tsx","all":false,"statementMap":{"0":{"start":{"line":1,"column":0},"end":{"line":1,"column":44}},"1":{"start":{"line":2,"column":0},"end":{"line":2,"column":43}},"2":{"start":{"line":3,"column":0},"end":{"line":3,"column":0}},"3":{"start":{"line":4,"column":0},"end":{"line":4,"column":29}},"4":{"start":{"line":5,"column":0},"end":{"line":5,"column":21}},"5":{"start":{"line":6,"column":0},"end":{"line":6,"column":13}},"6":{"start":{"line":7,"column":0},"end":{"line":7,"column":11}},"7":{"start":{"line":8,"column":0},"end":{"line":8,"column":13}},"8":{"start":{"line":9,"column":0},"end":{"line":9,"column":23}},"9":{"start":{"line":10,"column":0},"end":{"line":10,"column":27}},"10":{"start":{"line":11,"column":0},"end":{"line":11,"column":25}},"11":{"start":{"line":12,"column":0},"end":{"line":12,"column":16}},"12":{"start":{"line":13,"column":0},"end":{"line":13,"column":22}},"13":{"start":{"line":14,"column":0},"end":{"line":14,"column":4}},"14":{"start":{"line":15,"column":0},"end":{"line":15,"column":8}},"15":{"start":{"line":16,"column":0},"end":{"line":16,"column":7}},"16":{"start":{"line":17,"column":0},"end":{"line":17,"column":5}},"17":{"start":{"line":18,"column":0},"end":{"line":18,"column":7}},"18":{"start":{"line":19,"column":0},"end":{"line":19,"column":15}},"19":{"start":{"line":20,"column":0},"end":{"line":20,"column":14}},"20":{"start":{"line":21,"column":0},"end":{"line":21,"column":17}},"21":{"start":{"line":22,"column":0},"end":{"line":22,"column":19}},"22":{"start":{"line":23,"column":0},"end":{"line":23,"column":8}},"23":{"start":{"line":24,"column":0},"end":{"line":24,"column":7}},"24":{"start":{"line":25,"column":0},"end":{"line":25,"column":10}},"25":{"start":{"line":26,"column":0},"end":{"line":26,"column":0}},"26":{"start":{"line":27,"column":0},"end":{"line":27,"column":70}},"27":{"start":{"line":28,"column":0},"end":{"line":28,"column":61}},"28":{"start":{"line":29,"column":0},"end":{"line":29,"column":0}},"29":{"start":{"line":30,"column":0},"end":{"line":30,"column":69}},"30":{"start":{"line":31,"column":0},"end":{"line":31,"column":35}},"31":{"start":{"line":32,"column":0},"end":{"line":32,"column":31}},"32":{"start":{"line":33,"column":0},"end":{"line":33,"column":2}},"33":{"start":{"line":34,"column":0},"end":{"line":34,"column":0}},"34":{"start":{"line":35,"column":0},"end":{"line":35,"column":9}},"35":{"start":{"line":36,"column":0},"end":{"line":36,"column":4}},"36":{"start":{"line":37,"column":0},"end":{"line":37,"column":20}},"37":{"start":{"line":38,"column":0},"end":{"line":38,"column":10}},"38":{"start":{"line":39,"column":0},"end":{"line":39,"column":24}},"39":{"start":{"line":40,"column":0},"end":{"line":40,"column":22}},"40":{"start":{"line":41,"column":0},"end":{"line":41,"column":30}},"41":{"start":{"line":42,"column":0},"end":{"line":42,"column":18}},"42":{"start":{"line":43,"column":0},"end":{"line":43,"column":18}},"43":{"start":{"line":44,"column":0},"end":{"line":44,"column":16}},"44":{"start":{"line":45,"column":0},"end":{"line":45,"column":12}},"45":{"start":{"line":46,"column":0},"end":{"line":46,"column":16}},"46":{"start":{"line":47,"column":0},"end":{"line":47,"column":23}},"47":{"start":{"line":48,"column":0},"end":{"line":48,"column":25}},"48":{"start":{"line":49,"column":0},"end":{"line":49,"column":7}},"49":{"start":{"line":50,"column":0},"end":{"line":50,"column":21}},"50":{"start":{"line":51,"column":0},"end":{"line":51,"column":21}},"51":{"start":{"line":52,"column":0},"end":{"line":52,"column":7}},"52":{"start":{"line":53,"column":0},"end":{"line":53,"column":6}},"53":{"start":{"line":54,"column":0},"end":{"line":54,"column":8}},"54":{"start":{"line":55,"column":0},"end":{"line":55,"column":10}},"55":{"start":{"line":56,"column":0},"end":{"line":56,"column":24}},"56":{"start":{"line":57,"column":0},"end":{"line":57,"column":22}},"57":{"start":{"line":58,"column":0},"end":{"line":58,"column":30}},"58":{"start":{"line":59,"column":0},"end":{"line":59,"column":23}},"59":{"start":{"line":60,"column":0},"end":{"line":60,"column":25}},"60":{"start":{"line":61,"column":0},"end":{"line":61,"column":7}},"61":{"start":{"line":62,"column":0},"end":{"line":62,"column":21}},"62":{"start":{"line":63,"column":0},"end":{"line":63,"column":21}},"63":{"start":{"line":64,"column":0},"end":{"line":64,"column":7}},"64":{"start":{"line":65,"column":0},"end":{"line":65,"column":16}},"65":{"start":{"line":66,"column":0},"end":{"line":66,"column":12}},"66":{"start":{"line":67,"column":0},"end":{"line":67,"column":16}},"67":{"start":{"line":68,"column":0},"end":{"line":68,"column":6}},"68":{"start":{"line":69,"column":0},"end":{"line":69,"column":5}},"69":{"start":{"line":70,"column":0},"end":{"line":70,"column":62}},"70":{"start":{"line":71,"column":0},"end":{"line":71,"column":5}},"71":{"start":{"line":72,"column":0},"end":{"line":72,"column":2}},"72":{"start":{"line":73,"column":0},"end":{"line":73,"column":1}},"73":{"start":{"line":74,"column":0},"end":{"line":74,"column":0}},"74":{"start":{"line":75,"column":0},"end":{"line":75,"column":26}}},"s":{"0":1,"1":1,"2":1,"3":40,"4":40,"5":40,"6":40,"7":40,"8":40,"9":40,"10":40,"11":40,"12":40,"13":40,"14":40,"15":40,"16":40,"17":40,"18":40,"19":40,"20":40,"21":40,"22":40,"23":40,"24":40,"25":40,"26":40,"27":40,"28":40,"29":40,"30":0,"31":0,"32":0,"33":40,"34":40,"35":40,"36":40,"37":8,"38":8,"39":8,"40":8,"41":8,"42":8,"43":8,"44":8,"45":8,"46":8,"47":1,"48":1,"49":8,"50":0,"51":0,"52":32,"53":32,"54":32,"55":32,"56":32,"57":32,"58":32,"59":4,"60":4,"61":32,"62":0,"63":0,"64":32,"65":32,"66":32,"67":40,"68":40,"69":40,"70":40,"71":40,"72":40,"73":1,"74":1},"branchMap":{"0":{"type":"branch","line":4,"loc":{"start":{"line":4,"column":0},"end":{"line":73,"column":1}},"locations":[{"start":{"line":4,"column":0},"end":{"line":73,"column":1}}]},"1":{"type":"branch","line":37,"loc":{"start":{"line":37,"column":4},"end":{"line":52,"column":7}},"locations":[{"start":{"line":37,"column":4},"end":{"line":52,"column":7}}]},"2":{"type":"branch","line":39,"loc":{"start":{"line":39,"column":12},"end":{"line":39,"column":24}},"locations":[{"start":{"line":39,"column":12},"end":{"line":39,"column":24}}]},"3":{"type":"branch","line":53,"loc":{"start":{"line":53,"column":-2},"end":{"line":67,"column":16}},"locations":[{"start":{"line":53,"column":-2},"end":{"line":67,"column":16}}]},"4":{"type":"branch","line":56,"loc":{"start":{"line":56,"column":12},"end":{"line":56,"column":24}},"locations":[{"start":{"line":56,"column":12},"end":{"line":56,"column":24}}]},"5":{"type":"branch","line":70,"loc":{"start":{"line":70,"column":16},"end":{"line":70,"column":61}},"locations":[{"start":{"line":70,"column":16},"end":{"line":70,"column":61}}]},"6":{"type":"branch","line":47,"loc":{"start":{"line":47,"column":16},"end":{"line":49,"column":7}},"locations":[{"start":{"line":47,"column":16},"end":{"line":49,"column":7}}]},"7":{"type":"branch","line":59,"loc":{"start":{"line":59,"column":16},"end":{"line":61,"column":7}},"locations":[{"start":{"line":59,"column":16},"end":{"line":61,"column":7}}]}},"b":{"0":[40],"1":[8],"2":[7],"3":[32],"4":[14],"5":[0],"6":[1],"7":[4]},"fnMap":{"0":{"name":"InputCustom","decl":{"start":{"line":4,"column":0},"end":{"line":73,"column":1}},"loc":{"start":{"line":4,"column":0},"end":{"line":73,"column":1}},"line":4},"1":{"name":"handleOnBlur","decl":{"start":{"line":30,"column":22},"end":{"line":33,"column":2}},"loc":{"start":{"line":30,"column":22},"end":{"line":33,"column":2}},"line":30},"2":{"name":"onChange","decl":{"start":{"line":47,"column":16},"end":{"line":49,"column":7}},"loc":{"start":{"line":47,"column":16},"end":{"line":49,"column":7}},"line":47},"3":{"name":"onBlur","decl":{"start":{"line":50,"column":14},"end":{"line":52,"column":7}},"loc":{"start":{"line":50,"column":14},"end":{"line":52,"column":7}},"line":50},"4":{"name":"onChange","decl":{"start":{"line":59,"column":16},"end":{"line":61,"column":7}},"loc":{"start":{"line":59,"column":16},"end":{"line":61,"column":7}},"line":59},"5":{"name":"onBlur","decl":{"start":{"line":62,"column":14},"end":{"line":64,"column":7}},"loc":{"start":{"line":62,"column":14},"end":{"line":64,"column":7}},"line":62}},"f":{"0":40,"1":0,"2":1,"3":0,"4":4,"5":0}}
,"C:\\Users\\Admin\\Desktop\\Workspace\\DEV\\Openclassrooms\\Projets_Openclassrooms_concepteur_app_react\\Project_14_wealth_health\\WealthHealth_Employee_Management\\src\\components\\input\\inputStyle.ts": {"path":"C:\\Users\\Admin\\Desktop\\Workspace\\DEV\\Openclassrooms\\Projets_Openclassrooms_concepteur_app_react\\Project_14_wealth_health\\WealthHealth_Employee_Management\\src\\components\\input\\inputStyle.ts","all":false,"statementMap":{"0":{"start":{"line":1,"column":0},"end":{"line":1,"column":38}},"1":{"start":{"line":2,"column":0},"end":{"line":2,"column":0}},"2":{"start":{"line":3,"column":0},"end":{"line":3,"column":18}},"3":{"start":{"line":4,"column":0},"end":{"line":4,"column":24}},"4":{"start":{"line":5,"column":0},"end":{"line":5,"column":1}},"5":{"start":{"line":6,"column":0},"end":{"line":6,"column":0}},"6":{"start":{"line":7,"column":0},"end":{"line":7,"column":42}},"7":{"start":{"line":8,"column":0},"end":{"line":8,"column":14}},"8":{"start":{"line":9,"column":0},"end":{"line":9,"column":21}},"9":{"start":{"line":10,"column":0},"end":{"line":10,"column":15}},"10":{"start":{"line":11,"column":0},"end":{"line":11,"column":17}},"11":{"start":{"line":12,"column":0},"end":{"line":12,"column":18}},"12":{"start":{"line":13,"column":0},"end":{"line":13,"column":16}},"13":{"start":{"line":14,"column":0},"end":{"line":14,"column":12}},"14":{"start":{"line":15,"column":0},"end":{"line":15,"column":18}},"15":{"start":{"line":16,"column":0},"end":{"line":16,"column":92}},"16":{"start":{"line":17,"column":0},"end":{"line":17,"column":16}},"17":{"start":{"line":18,"column":0},"end":{"line":18,"column":15}},"18":{"start":{"line":19,"column":0},"end":{"line":19,"column":2}},"19":{"start":{"line":20,"column":0},"end":{"line":20,"column":39}},"20":{"start":{"line":21,"column":0},"end":{"line":21,"column":18}},"21":{"start":{"line":22,"column":0},"end":{"line":22,"column":2}},"22":{"start":{"line":23,"column":0},"end":{"line":23,"column":1}},"23":{"start":{"line":24,"column":0},"end":{"line":24,"column":33}},"24":{"start":{"line":25,"column":0},"end":{"line":25,"column":12}},"25":{"start":{"line":26,"column":0},"end":{"line":26,"column":1}}},"s":{"0":1,"1":1,"2":1,"3":1,"4":1,"5":1,"6":1,"7":1,"8":1,"9":1,"10":1,"11":1,"12":1,"13":1,"14":1,"15":1,"16":1,"17":1,"18":1,"19":1,"20":1,"21":1,"22":1,"23":1,"24":1,"25":1},"branchMap":{"0":{"type":"branch","line":16,"loc":{"start":{"line":16,"column":11},"end":{"line":16,"column":92}},"locations":[{"start":{"line":16,"column":11},"end":{"line":16,"column":92}}]},"1":{"type":"branch","line":16,"loc":{"start":{"line":16,"column":65},"end":{"line":16,"column":92}},"locations":[{"start":{"line":16,"column":65},"end":{"line":16,"column":92}}]},"2":{"type":"branch","line":16,"loc":{"start":{"line":16,"column":74},"end":{"line":16,"column":92}},"locations":[{"start":{"line":16,"column":74},"end":{"line":16,"column":92}}]}},"b":{"0":[40],"1":[0],"2":[40]},"fnMap":{"0":{"name":"get","decl":{"start":{"line":16,"column":74},"end":{"line":16,"column":92}},"loc":{"start":{"line":16,"column":74},"end":{"line":16,"column":92}},"line":16},"1":{"name":"get","decl":{"start":{"line":24,"column":28},"end":{"line":24,"column":33}},"loc":{"start":{"line":24,"column":28},"end":{"line":24,"column":33}},"line":24}},"f":{"0":40,"1":0}}
,"C:\\Users\\Admin\\Desktop\\Workspace\\DEV\\Openclassrooms\\Projets_Openclassrooms_concepteur_app_react\\Project_14_wealth_health\\WealthHealth_Employee_Management\\src\\components\\modal\\customStyleModal.ts": {"path":"C:\\Users\\Admin\\Desktop\\Workspace\\DEV\\Openclassrooms\\Projets_Openclassrooms_concepteur_app_react\\Project_14_wealth_health\\WealthHealth_Employee_Management\\src\\components\\modal\\customStyleModal.ts","all":false,"statementMap":{"0":{"start":{"line":1,"column":0},"end":{"line":1,"column":28}},"1":{"start":{"line":2,"column":0},"end":{"line":2,"column":17}},"2":{"start":{"line":3,"column":0},"end":{"line":3,"column":33}},"3":{"start":{"line":4,"column":0},"end":{"line":4,"column":18}},"4":{"start":{"line":5,"column":0},"end":{"line":5,"column":1}},"5":{"start":{"line":6,"column":0},"end":{"line":6,"column":0}},"6":{"start":{"line":7,"column":0},"end":{"line":7,"column":34}},"7":{"start":{"line":8,"column":0},"end":{"line":8,"column":14}},"8":{"start":{"line":9,"column":0},"end":{"line":9,"column":32}},"9":{"start":{"line":10,"column":0},"end":{"line":10,"column":28}},"10":{"start":{"line":11,"column":0},"end":{"line":11,"column":1}},"11":{"start":{"line":12,"column":0},"end":{"line":12,"column":0}},"12":{"start":{"line":13,"column":0},"end":{"line":13,"column":34}},"13":{"start":{"line":14,"column":0},"end":{"line":14,"column":18}},"14":{"start":{"line":15,"column":0},"end":{"line":15,"column":36}},"15":{"start":{"line":16,"column":0},"end":{"line":16,"column":32}},"16":{"start":{"line":17,"column":0},"end":{"line":17,"column":1}},"17":{"start":{"line":18,"column":0},"end":{"line":18,"column":0}},"18":{"start":{"line":19,"column":0},"end":{"line":19,"column":27}},"19":{"start":{"line":20,"column":0},"end":{"line":20,"column":17}},"20":{"start":{"line":21,"column":0},"end":{"line":21,"column":1}}},"s":{"0":1,"1":1,"2":1,"3":1,"4":0,"5":1,"6":1,"7":1,"8":1,"9":1,"10":0,"11":1,"12":1,"13":1,"14":1,"15":1,"16":0,"17":1,"18":1,"19":1,"20":0},"branchMap":{},"b":{},"fnMap":{"0":{"name":"get","decl":{"start":{"line":5,"column":0},"end":{"line":5,"column":1}},"loc":{"start":{"line":5,"column":0},"end":{"line":5,"column":1}},"line":5},"1":{"name":"get","decl":{"start":{"line":11,"column":0},"end":{"line":11,"column":1}},"loc":{"start":{"line":11,"column":0},"end":{"line":11,"column":1}},"line":11},"2":{"name":"get","decl":{"start":{"line":17,"column":0},"end":{"line":17,"column":1}},"loc":{"start":{"line":17,"column":0},"end":{"line":17,"column":1}},"line":17},"3":{"name":"get","decl":{"start":{"line":21,"column":0},"end":{"line":21,"column":1}},"loc":{"start":{"line":21,"column":0},"end":{"line":21,"column":1}},"line":21}},"f":{"0":0,"1":0,"2":0,"3":0}}
,"C:\\Users\\Admin\\Desktop\\Workspace\\DEV\\Openclassrooms\\Projets_Openclassrooms_concepteur_app_react\\Project_14_wealth_health\\WealthHealth_Employee_Management\\src\\components\\select\\Select.tsx": {"path":"C:\\Users\\Admin\\Desktop\\Workspace\\DEV\\Openclassrooms\\Projets_Openclassrooms_concepteur_app_react\\Project_14_wealth_health\\WealthHealth_Employee_Management\\src\\components\\select\\Select.tsx","all":false,"statementMap":{"0":{"start":{"line":1,"column":0},"end":{"line":1,"column":51}},"1":{"start":{"line":2,"column":0},"end":{"line":2,"column":33}},"2":{"start":{"line":3,"column":0},"end":{"line":3,"column":50}},"3":{"start":{"line":4,"column":0},"end":{"line":4,"column":0}},"4":{"start":{"line":5,"column":0},"end":{"line":5,"column":32}},"5":{"start":{"line":6,"column":0},"end":{"line":6,"column":44}},"6":{"start":{"line":7,"column":0},"end":{"line":7,"column":13}},"7":{"start":{"line":8,"column":0},"end":{"line":8,"column":11}},"8":{"start":{"line":9,"column":0},"end":{"line":9,"column":16}},"9":{"start":{"line":10,"column":0},"end":{"line":10,"column":17}},"10":{"start":{"line":11,"column":0},"end":{"line":11,"column":19}},"11":{"start":{"line":12,"column":0},"end":{"line":12,"column":27}},"12":{"start":{"line":13,"column":0},"end":{"line":13,"column":25}},"13":{"start":{"line":14,"column":0},"end":{"line":14,"column":4}},"14":{"start":{"line":15,"column":0},"end":{"line":15,"column":96}},"15":{"start":{"line":16,"column":0},"end":{"line":16,"column":0}},"16":{"start":{"line":17,"column":0},"end":{"line":17,"column":32}},"17":{"start":{"line":18,"column":0},"end":{"line":18,"column":0}},"18":{"start":{"line":19,"column":0},"end":{"line":19,"column":61}},"19":{"start":{"line":20,"column":0},"end":{"line":20,"column":70}},"20":{"start":{"line":21,"column":0},"end":{"line":21,"column":0}},"21":{"start":{"line":22,"column":0},"end":{"line":22,"column":41}},"22":{"start":{"line":23,"column":0},"end":{"line":23,"column":14}},"23":{"start":{"line":24,"column":0},"end":{"line":24,"column":33}},"24":{"start":{"line":25,"column":0},"end":{"line":25,"column":18}},"25":{"start":{"line":26,"column":0},"end":{"line":26,"column":3}},"26":{"start":{"line":27,"column":0},"end":{"line":27,"column":2}},"27":{"start":{"line":28,"column":0},"end":{"line":28,"column":0}},"28":{"start":{"line":29,"column":0},"end":{"line":29,"column":23}},"29":{"start":{"line":30,"column":0},"end":{"line":30,"column":85}},"30":{"start":{"line":31,"column":0},"end":{"line":31,"column":46}},"31":{"start":{"line":32,"column":0},"end":{"line":32,"column":42}},"32":{"start":{"line":33,"column":0},"end":{"line":33,"column":2}},"33":{"start":{"line":34,"column":0},"end":{"line":34,"column":0}},"34":{"start":{"line":35,"column":0},"end":{"line":35,"column":18}},"35":{"start":{"line":36,"column":0},"end":{"line":36,"column":21}},"36":{"start":{"line":37,"column":0},"end":{"line":37,"column":3}},"37":{"start":{"line":38,"column":0},"end":{"line":38,"column":0}},"38":{"start":{"line":39,"column":0},"end":{"line":39,"column":9}},"39":{"start":{"line":40,"column":0},"end":{"line":40,"column":4}},"40":{"start":{"line":41,"column":0},"end":{"line":41,"column":10}},"41":{"start":{"line":42,"column":0},"end":{"line":42,"column":19}},"42":{"start":{"line":43,"column":0},"end":{"line":43,"column":30}},"43":{"start":{"line":44,"column":0},"end":{"line":44,"column":15}},"44":{"start":{"line":45,"column":0},"end":{"line":45,"column":11}},"45":{"start":{"line":46,"column":0},"end":{"line":46,"column":19}},"46":{"start":{"line":47,"column":0},"end":{"line":47,"column":22}},"47":{"start":{"line":48,"column":0},"end":{"line":48,"column":30}},"48":{"start":{"line":49,"column":0},"end":{"line":49,"column":6}},"49":{"start":{"line":50,"column":0},"end":{"line":50,"column":21}},"50":{"start":{"line":51,"column":0},"end":{"line":51,"column":33}},"51":{"start":{"line":52,"column":0},"end":{"line":52,"column":5}},"52":{"start":{"line":53,"column":0},"end":{"line":53,"column":62}},"53":{"start":{"line":54,"column":0},"end":{"line":54,"column":5}},"54":{"start":{"line":55,"column":0},"end":{"line":55,"column":2}},"55":{"start":{"line":56,"column":0},"end":{"line":56,"column":1}},"56":{"start":{"line":57,"column":0},"end":{"line":57,"column":0}},"57":{"start":{"line":58,"column":0},"end":{"line":58,"column":29}}},"s":{"0":1,"1":1,"2":1,"3":1,"4":16,"5":16,"6":16,"7":16,"8":16,"9":16,"10":16,"11":16,"12":16,"13":16,"14":16,"15":16,"16":16,"17":16,"18":16,"19":16,"20":16,"21":16,"22":16,"23":0,"24":0,"25":0,"26":16,"27":16,"28":16,"29":0,"30":0,"31":0,"32":0,"33":16,"34":16,"35":16,"36":16,"37":16,"38":16,"39":16,"40":16,"41":16,"42":16,"43":16,"44":16,"45":16,"46":16,"47":0,"48":0,"49":16,"50":16,"51":16,"52":16,"53":16,"54":16,"55":16,"56":1,"57":1},"branchMap":{"0":{"type":"branch","line":5,"loc":{"start":{"line":5,"column":0},"end":{"line":56,"column":1}},"locations":[{"start":{"line":5,"column":0},"end":{"line":56,"column":1}}]},"1":{"type":"branch","line":53,"loc":{"start":{"line":53,"column":16},"end":{"line":53,"column":61}},"locations":[{"start":{"line":53,"column":16},"end":{"line":53,"column":61}}]},"2":{"type":"branch","line":22,"loc":{"start":{"line":22,"column":20},"end":{"line":27,"column":2}},"locations":[{"start":{"line":22,"column":20},"end":{"line":27,"column":2}}]},"3":{"type":"branch","line":23,"loc":{"start":{"line":23,"column":13},"end":{"line":26,"column":3}},"locations":[{"start":{"line":23,"column":13},"end":{"line":26,"column":3}}]},"4":{"type":"branch","line":35,"loc":{"start":{"line":35,"column":11},"end":{"line":37,"column":2}},"locations":[{"start":{"line":35,"column":11},"end":{"line":37,"column":2}}]}},"b":{"0":[16],"1":[0],"2":[16],"3":[0],"4":[16]},"fnMap":{"0":{"name":"DropDownSelect","decl":{"start":{"line":5,"column":0},"end":{"line":56,"column":1}},"loc":{"start":{"line":5,"column":0},"end":{"line":56,"column":1}},"line":5},"1":{"name":"clearInput","decl":{"start":{"line":22,"column":20},"end":{"line":27,"column":2}},"loc":{"start":{"line":22,"column":20},"end":{"line":27,"column":2}},"line":22},"2":{"name":"onBlur","decl":{"start":{"line":29,"column":16},"end":{"line":33,"column":2}},"loc":{"start":{"line":29,"column":16},"end":{"line":33,"column":2}},"line":29},"3":{"name":"onChange","decl":{"start":{"line":47,"column":15},"end":{"line":49,"column":6}},"loc":{"start":{"line":47,"column":15},"end":{"line":49,"column":6}},"line":47}},"f":{"0":16,"1":16,"2":0,"3":0}}
,"C:\\Users\\Admin\\Desktop\\Workspace\\DEV\\Openclassrooms\\Projets_Openclassrooms_concepteur_app_react\\Project_14_wealth_health\\WealthHealth_Employee_Management\\src\\components\\select\\selectStyle.ts": {"path":"C:\\Users\\Admin\\Desktop\\Workspace\\DEV\\Openclassrooms\\Projets_Openclassrooms_concepteur_app_react\\Project_14_wealth_health\\WealthHealth_Employee_Management\\src\\components\\select\\selectStyle.ts","all":false,"statementMap":{"0":{"start":{"line":1,"column":0},"end":{"line":1,"column":38}},"1":{"start":{"line":2,"column":0},"end":{"line":2,"column":0}},"2":{"start":{"line":3,"column":0},"end":{"line":3,"column":57}},"3":{"start":{"line":4,"column":0},"end":{"line":4,"column":37}},"4":{"start":{"line":5,"column":0},"end":{"line":5,"column":3}},"5":{"start":{"line":6,"column":0},"end":{"line":6,"column":13}},"6":{"start":{"line":7,"column":0},"end":{"line":7,"column":16}},"7":{"start":{"line":8,"column":0},"end":{"line":8,"column":21}},"8":{"start":{"line":9,"column":0},"end":{"line":9,"column":20}},"9":{"start":{"line":10,"column":0},"end":{"line":10,"column":23}},"10":{"start":{"line":11,"column":0},"end":{"line":11,"column":3}},"11":{"start":{"line":12,"column":0},"end":{"line":12,"column":2}},"12":{"start":{"line":13,"column":0},"end":{"line":13,"column":40}},"13":{"start":{"line":14,"column":0},"end":{"line":14,"column":12}},"14":{"start":{"line":15,"column":0},"end":{"line":15,"column":17}},"15":{"start":{"line":16,"column":0},"end":{"line":16,"column":19}},"16":{"start":{"line":17,"column":0},"end":{"line":17,"column":3}},"17":{"start":{"line":18,"column":0},"end":{"line":18,"column":36}},"18":{"start":{"line":19,"column":0},"end":{"line":19,"column":12}},"19":{"start":{"line":20,"column":0},"end":{"line":20,"column":23}},"20":{"start":{"line":21,"column":0},"end":{"line":21,"column":20}},"21":{"start":{"line":22,"column":0},"end":{"line":22,"column":22}},"22":{"start":{"line":23,"column":0},"end":{"line":23,"column":70}},"23":{"start":{"line":24,"column":0},"end":{"line":24,"column":14}},"24":{"start":{"line":25,"column":0},"end":{"line":25,"column":22}},"25":{"start":{"line":26,"column":0},"end":{"line":26,"column":3}},"26":{"start":{"line":27,"column":0},"end":{"line":27,"column":3}},"27":{"start":{"line":28,"column":0},"end":{"line":28,"column":90}},"28":{"start":{"line":29,"column":0},"end":{"line":29,"column":83}},"29":{"start":{"line":30,"column":0},"end":{"line":30,"column":0}},"30":{"start":{"line":31,"column":0},"end":{"line":31,"column":62}},"31":{"start":{"line":32,"column":0},"end":{"line":32,"column":1}},"32":{"start":{"line":33,"column":0},"end":{"line":33,"column":0}},"33":{"start":{"line":34,"column":0},"end":{"line":34,"column":33}},"34":{"start":{"line":35,"column":0},"end":{"line":35,"column":12}},"35":{"start":{"line":36,"column":0},"end":{"line":36,"column":1}}},"s":{"0":1,"1":1,"2":1,"3":16,"4":18,"5":18,"6":18,"7":18,"8":18,"9":18,"10":18,"11":16,"12":16,"13":13,"14":13,"15":13,"16":13,"17":16,"18":18,"19":18,"20":18,"21":18,"22":18,"23":18,"24":18,"25":18,"26":18,"27":16,"28":16,"29":16,"30":16,"31":16,"32":1,"33":1,"34":1,"35":1},"branchMap":{"0":{"type":"branch","line":3,"loc":{"start":{"line":3,"column":27},"end":{"line":32,"column":1}},"locations":[{"start":{"line":3,"column":27},"end":{"line":32,"column":1}}]},"1":{"type":"branch","line":4,"loc":{"start":{"line":4,"column":19},"end":{"line":11,"column":3}},"locations":[{"start":{"line":4,"column":19},"end":{"line":11,"column":3}}]},"2":{"type":"branch","line":13,"loc":{"start":{"line":13,"column":21},"end":{"line":17,"column":3}},"locations":[{"start":{"line":13,"column":21},"end":{"line":17,"column":3}}]},"3":{"type":"branch","line":18,"loc":{"start":{"line":18,"column":17},"end":{"line":27,"column":3}},"locations":[{"start":{"line":18,"column":17},"end":{"line":27,"column":3}}]},"4":{"type":"branch","line":23,"loc":{"start":{"line":23,"column":43},"end":{"line":23,"column":70}},"locations":[{"start":{"line":23,"column":43},"end":{"line":23,"column":70}}]},"5":{"type":"branch","line":29,"loc":{"start":{"line":29,"column":14},"end":{"line":29,"column":83}},"locations":[{"start":{"line":29,"column":14},"end":{"line":29,"column":83}}]},"6":{"type":"branch","line":32,"loc":{"start":{"line":32,"column":0},"end":{"line":32,"column":1}},"locations":[{"start":{"line":32,"column":0},"end":{"line":32,"column":1}}]}},"b":{"0":[16],"1":[18],"2":[13],"3":[18],"4":[0],"5":[7],"6":[16]},"fnMap":{"0":{"name":"customStyle","decl":{"start":{"line":3,"column":27},"end":{"line":32,"column":1}},"loc":{"start":{"line":3,"column":27},"end":{"line":32,"column":1}},"line":3},"1":{"name":"container","decl":{"start":{"line":4,"column":19},"end":{"line":11,"column":3}},"loc":{"start":{"line":4,"column":19},"end":{"line":11,"column":3}},"line":4},"2":{"name":"placeholder","decl":{"start":{"line":13,"column":21},"end":{"line":17,"column":3}},"loc":{"start":{"line":13,"column":21},"end":{"line":17,"column":3}},"line":13},"3":{"name":"control","decl":{"start":{"line":18,"column":17},"end":{"line":27,"column":3}},"loc":{"start":{"line":18,"column":17},"end":{"line":27,"column":3}},"line":18},"4":{"name":"singleValue","decl":{"start":{"line":28,"column":21},"end":{"line":28,"column":90}},"loc":{"start":{"line":28,"column":21},"end":{"line":28,"column":90}},"line":28},"5":{"name":"menu","decl":{"start":{"line":29,"column":14},"end":{"line":29,"column":83}},"loc":{"start":{"line":29,"column":14},"end":{"line":29,"column":83}},"line":29},"6":{"name":"get","decl":{"start":{"line":32,"column":0},"end":{"line":32,"column":1}},"loc":{"start":{"line":32,"column":0},"end":{"line":32,"column":1}},"line":32},"7":{"name":"get","decl":{"start":{"line":34,"column":28},"end":{"line":34,"column":33}},"loc":{"start":{"line":34,"column":28},"end":{"line":34,"column":33}},"line":34}},"f":{"0":16,"1":18,"2":13,"3":18,"4":0,"5":7,"6":16,"7":0}}
,"C:\\Users\\Admin\\Desktop\\Workspace\\DEV\\Openclassrooms\\Projets_Openclassrooms_concepteur_app_react\\Project_14_wealth_health\\WealthHealth_Employee_Management\\src\\context\\EmployeesContext.tsx": {"path":"C:\\Users\\Admin\\Desktop\\Workspace\\DEV\\Openclassrooms\\Projets_Openclassrooms_concepteur_app_react\\Project_14_wealth_health\\WealthHealth_Employee_Management\\src\\context\\EmployeesContext.tsx","all":false,"statementMap":{"0":{"start":{"line":1,"column":0},"end":{"line":1,"column":61}},"1":{"start":{"line":2,"column":0},"end":{"line":2,"column":41}},"2":{"start":{"line":3,"column":0},"end":{"line":3,"column":49}},"3":{"start":{"line":4,"column":0},"end":{"line":4,"column":77}},"4":{"start":{"line":5,"column":0},"end":{"line":5,"column":60}},"5":{"start":{"line":6,"column":0},"end":{"line":6,"column":0}},"6":{"start":{"line":7,"column":0},"end":{"line":7,"column":68}},"7":{"start":{"line":8,"column":0},"end":{"line":8,"column":0}},"8":{"start":{"line":9,"column":0},"end":{"line":9,"column":64}},"9":{"start":{"line":10,"column":0},"end":{"line":10,"column":70}},"10":{"start":{"line":11,"column":0},"end":{"line":11,"column":46}},"11":{"start":{"line":12,"column":0},"end":{"line":12,"column":12}},"12":{"start":{"line":13,"column":0},"end":{"line":13,"column":34}},"13":{"start":{"line":14,"column":0},"end":{"line":14,"column":20}},"14":{"start":{"line":15,"column":0},"end":{"line":15,"column":4}},"15":{"start":{"line":16,"column":0},"end":{"line":16,"column":2}},"16":{"start":{"line":17,"column":0},"end":{"line":17,"column":0}},"17":{"start":{"line":18,"column":0},"end":{"line":18,"column":33}},"18":{"start":{"line":19,"column":0},"end":{"line":19,"column":36}},"19":{"start":{"line":20,"column":0},"end":{"line":20,"column":13}},"20":{"start":{"line":21,"column":0},"end":{"line":21,"column":2}},"21":{"start":{"line":22,"column":0},"end":{"line":22,"column":0}},"22":{"start":{"line":23,"column":0},"end":{"line":23,"column":93}},"23":{"start":{"line":24,"column":0},"end":{"line":24,"column":1}},"24":{"start":{"line":25,"column":0},"end":{"line":25,"column":0}},"25":{"start":{"line":26,"column":0},"end":{"line":26,"column":36}},"26":{"start":{"line":27,"column":0},"end":{"line":27,"column":47}},"27":{"start":{"line":28,"column":0},"end":{"line":28,"column":0}},"28":{"start":{"line":29,"column":0},"end":{"line":29,"column":29}},"29":{"start":{"line":30,"column":0},"end":{"line":30,"column":70}},"30":{"start":{"line":31,"column":0},"end":{"line":31,"column":2}},"31":{"start":{"line":32,"column":0},"end":{"line":32,"column":0}},"32":{"start":{"line":33,"column":0},"end":{"line":33,"column":15}},"33":{"start":{"line":34,"column":0},"end":{"line":34,"column":1}},"34":{"start":{"line":35,"column":0},"end":{"line":35,"column":0}},"35":{"start":{"line":36,"column":0},"end":{"line":36,"column":35}}},"s":{"0":1,"1":1,"2":1,"3":1,"4":1,"5":1,"6":1,"7":1,"8":1,"9":1,"10":1,"11":0,"12":0,"13":0,"14":0,"15":0,"16":1,"17":1,"18":1,"19":1,"20":1,"21":1,"22":1,"23":1,"24":1,"25":1,"26":8,"27":8,"28":8,"29":0,"30":0,"31":8,"32":8,"33":8,"34":1,"35":1},"branchMap":{"0":{"type":"branch","line":9,"loc":{"start":{"line":9,"column":33},"end":{"line":24,"column":1}},"locations":[{"start":{"line":9,"column":33},"end":{"line":24,"column":1}}]},"1":{"type":"branch","line":24,"loc":{"start":{"line":24,"column":0},"end":{"line":24,"column":1}},"locations":[{"start":{"line":24,"column":0},"end":{"line":24,"column":1}}]},"2":{"type":"branch","line":26,"loc":{"start":{"line":26,"column":29},"end":{"line":34,"column":1}},"locations":[{"start":{"line":26,"column":29},"end":{"line":34,"column":1}}]},"3":{"type":"branch","line":29,"loc":{"start":{"line":29,"column":28},"end":{"line":31,"column":2}},"locations":[{"start":{"line":29,"column":28},"end":{"line":31,"column":2}}]}},"b":{"0":[1],"1":[1],"2":[8],"3":[0]},"fnMap":{"0":{"name":"EmployeesProvider","decl":{"start":{"line":9,"column":33},"end":{"line":24,"column":1}},"loc":{"start":{"line":9,"column":33},"end":{"line":24,"column":1}},"line":9},"1":{"name":"addEmployee","decl":{"start":{"line":11,"column":21},"end":{"line":16,"column":2}},"loc":{"start":{"line":11,"column":21},"end":{"line":16,"column":2}},"line":11},"2":{"name":"get","decl":{"start":{"line":24,"column":0},"end":{"line":24,"column":1}},"loc":{"start":{"line":24,"column":0},"end":{"line":24,"column":1}},"line":24},"3":{"name":"useEmployeesProvider","decl":{"start":{"line":26,"column":29},"end":{"line":34,"column":1}},"loc":{"start":{"line":26,"column":29},"end":{"line":34,"column":1}},"line":26}},"f":{"0":1,"1":0,"2":1,"3":8}}
,"C:\\Users\\Admin\\Desktop\\Workspace\\DEV\\Openclassrooms\\Projets_Openclassrooms_concepteur_app_react\\Project_14_wealth_health\\WealthHealth_Employee_Management\\src\\hooks\\useForm\\index.ts": {"path":"C:\\Users\\Admin\\Desktop\\Workspace\\DEV\\Openclassrooms\\Projets_Openclassrooms_concepteur_app_react\\Project_14_wealth_health\\WealthHealth_Employee_Management\\src\\hooks\\useForm\\index.ts","all":false,"statementMap":{"0":{"start":{"line":1,"column":0},"end":{"line":1,"column":35}}},"s":{"0":1},"branchMap":{"0":{"type":"branch","line":1,"loc":{"start":{"line":1,"column":24},"end":{"line":1,"column":35}},"locations":[{"start":{"line":1,"column":24},"end":{"line":1,"column":35}}]}},"b":{"0":[8]},"fnMap":{"0":{"name":"get","decl":{"start":{"line":1,"column":24},"end":{"line":1,"column":35}},"loc":{"start":{"line":1,"column":24},"end":{"line":1,"column":35}},"line":1}},"f":{"0":8}}
,"C:\\Users\\Admin\\Desktop\\Workspace\\DEV\\Openclassrooms\\Projets_Openclassrooms_concepteur_app_react\\Project_14_wealth_health\\WealthHealth_Employee_Management\\src\\hooks\\useForm\\useForm.ts": {"path":"C:\\Users\\Admin\\Desktop\\Workspace\\DEV\\Openclassrooms\\Projets_Openclassrooms_concepteur_app_react\\Project_14_wealth_health\\WealthHealth_Employee_Management\\src\\hooks\\useForm\\useForm.ts","all":false,"statementMap":{"0":{"start":{"line":1,"column":0},"end":{"line":1,"column":32}},"1":{"start":{"line":2,"column":0},"end":{"line":2,"column":42}},"2":{"start":{"line":3,"column":0},"end":{"line":3,"column":51}},"3":{"start":{"line":4,"column":0},"end":{"line":4,"column":47}},"4":{"start":{"line":5,"column":0},"end":{"line":5,"column":91}},"5":{"start":{"line":6,"column":0},"end":{"line":6,"column":0}},"6":{"start":{"line":7,"column":0},"end":{"line":7,"column":20}},"7":{"start":{"line":8,"column":0},"end":{"line":8,"column":41}},"8":{"start":{"line":9,"column":0},"end":{"line":9,"column":33}},"9":{"start":{"line":10,"column":0},"end":{"line":10,"column":0}},"10":{"start":{"line":11,"column":0},"end":{"line":11,"column":23}},"11":{"start":{"line":12,"column":0},"end":{"line":12,"column":18}},"12":{"start":{"line":13,"column":0},"end":{"line":13,"column":17}},"13":{"start":{"line":14,"column":0},"end":{"line":14,"column":17}},"14":{"start":{"line":15,"column":0},"end":{"line":15,"column":18}},"15":{"start":{"line":16,"column":0},"end":{"line":16,"column":14}},"16":{"start":{"line":17,"column":0},"end":{"line":17,"column":13}},"17":{"start":{"line":18,"column":0},"end":{"line":18,"column":15}},"18":{"start":{"line":19,"column":0},"end":{"line":19,"column":16}},"19":{"start":{"line":20,"column":0},"end":{"line":20,"column":18}},"20":{"start":{"line":21,"column":0},"end":{"line":21,"column":2}},"21":{"start":{"line":22,"column":0},"end":{"line":22,"column":0}},"22":{"start":{"line":23,"column":0},"end":{"line":23,"column":76}},"23":{"start":{"line":24,"column":0},"end":{"line":24,"column":0}},"24":{"start":{"line":25,"column":0},"end":{"line":25,"column":96}},"25":{"start":{"line":26,"column":0},"end":{"line":26,"column":0}},"26":{"start":{"line":27,"column":0},"end":{"line":27,"column":75}},"27":{"start":{"line":28,"column":0},"end":{"line":28,"column":32}},"28":{"start":{"line":29,"column":0},"end":{"line":29,"column":13}},"29":{"start":{"line":30,"column":0},"end":{"line":30,"column":13}},"30":{"start":{"line":31,"column":0},"end":{"line":31,"column":44}},"31":{"start":{"line":32,"column":0},"end":{"line":32,"column":4}},"32":{"start":{"line":33,"column":0},"end":{"line":33,"column":2}},"33":{"start":{"line":34,"column":0},"end":{"line":34,"column":0}},"34":{"start":{"line":35,"column":0},"end":{"line":35,"column":63}},"35":{"start":{"line":36,"column":0},"end":{"line":36,"column":89}},"36":{"start":{"line":37,"column":0},"end":{"line":37,"column":0}},"37":{"start":{"line":38,"column":0},"end":{"line":38,"column":34}},"38":{"start":{"line":39,"column":0},"end":{"line":39,"column":35}},"39":{"start":{"line":40,"column":0},"end":{"line":40,"column":33}},"40":{"start":{"line":41,"column":0},"end":{"line":41,"column":0}},"41":{"start":{"line":42,"column":0},"end":{"line":42,"column":57}},"42":{"start":{"line":43,"column":0},"end":{"line":43,"column":0}},"43":{"start":{"line":44,"column":0},"end":{"line":44,"column":13}},"44":{"start":{"line":45,"column":0},"end":{"line":45,"column":13}},"45":{"start":{"line":46,"column":0},"end":{"line":46,"column":29}},"46":{"start":{"line":47,"column":0},"end":{"line":47,"column":4}},"47":{"start":{"line":48,"column":0},"end":{"line":48,"column":2}},"48":{"start":{"line":49,"column":0},"end":{"line":49,"column":0}},"49":{"start":{"line":50,"column":0},"end":{"line":50,"column":97}},"50":{"start":{"line":51,"column":0},"end":{"line":51,"column":10}},"51":{"start":{"line":52,"column":0},"end":{"line":52,"column":22}},"52":{"start":{"line":53,"column":0},"end":{"line":53,"column":0}},"53":{"start":{"line":54,"column":0},"end":{"line":54,"column":14}},"54":{"start":{"line":55,"column":0},"end":{"line":55,"column":14}},"55":{"start":{"line":56,"column":0},"end":{"line":56,"column":17}},"56":{"start":{"line":57,"column":0},"end":{"line":57,"column":5}},"57":{"start":{"line":58,"column":0},"end":{"line":58,"column":3}},"58":{"start":{"line":59,"column":0},"end":{"line":59,"column":2}},"59":{"start":{"line":60,"column":0},"end":{"line":60,"column":0}},"60":{"start":{"line":61,"column":0},"end":{"line":61,"column":82}},"61":{"start":{"line":62,"column":0},"end":{"line":62,"column":34}},"62":{"start":{"line":63,"column":0},"end":{"line":63,"column":57}},"63":{"start":{"line":64,"column":0},"end":{"line":64,"column":23}},"64":{"start":{"line":65,"column":0},"end":{"line":65,"column":23}},"65":{"start":{"line":66,"column":0},"end":{"line":66,"column":18}},"66":{"start":{"line":67,"column":0},"end":{"line":67,"column":4}},"67":{"start":{"line":68,"column":0},"end":{"line":68,"column":16}},"68":{"start":{"line":69,"column":0},"end":{"line":69,"column":2}},"69":{"start":{"line":70,"column":0},"end":{"line":70,"column":0}},"70":{"start":{"line":71,"column":0},"end":{"line":71,"column":57}},"71":{"start":{"line":72,"column":0},"end":{"line":72,"column":57}},"72":{"start":{"line":73,"column":0},"end":{"line":73,"column":23}},"73":{"start":{"line":74,"column":0},"end":{"line":74,"column":23}},"74":{"start":{"line":75,"column":0},"end":{"line":75,"column":16}},"75":{"start":{"line":76,"column":0},"end":{"line":76,"column":4}},"76":{"start":{"line":77,"column":0},"end":{"line":77,"column":0}},"77":{"start":{"line":78,"column":0},"end":{"line":78,"column":16}},"78":{"start":{"line":79,"column":0},"end":{"line":79,"column":2}},"79":{"start":{"line":80,"column":0},"end":{"line":80,"column":0}},"80":{"start":{"line":81,"column":0},"end":{"line":81,"column":55}},"81":{"start":{"line":82,"column":0},"end":{"line":82,"column":57}},"82":{"start":{"line":83,"column":0},"end":{"line":83,"column":23}},"83":{"start":{"line":84,"column":0},"end":{"line":84,"column":23}},"84":{"start":{"line":85,"column":0},"end":{"line":85,"column":16}},"85":{"start":{"line":86,"column":0},"end":{"line":86,"column":4}},"86":{"start":{"line":87,"column":0},"end":{"line":87,"column":0}},"87":{"start":{"line":88,"column":0},"end":{"line":88,"column":16}},"88":{"start":{"line":89,"column":0},"end":{"line":89,"column":2}},"89":{"start":{"line":90,"column":0},"end":{"line":90,"column":0}},"90":{"start":{"line":91,"column":0},"end":{"line":91,"column":31}},"91":{"start":{"line":92,"column":0},"end":{"line":92,"column":70}},"92":{"start":{"line":93,"column":0},"end":{"line":93,"column":2}},"93":{"start":{"line":94,"column":0},"end":{"line":94,"column":0}},"94":{"start":{"line":95,"column":0},"end":{"line":95,"column":77}},"95":{"start":{"line":96,"column":0},"end":{"line":96,"column":28}},"96":{"start":{"line":97,"column":0},"end":{"line":97,"column":41}},"97":{"start":{"line":98,"column":0},"end":{"line":98,"column":2}},"98":{"start":{"line":99,"column":0},"end":{"line":99,"column":0}},"99":{"start":{"line":100,"column":0},"end":{"line":100,"column":60}},"100":{"start":{"line":101,"column":0},"end":{"line":101,"column":41}},"101":{"start":{"line":102,"column":0},"end":{"line":102,"column":2}},"102":{"start":{"line":103,"column":0},"end":{"line":103,"column":0}},"103":{"start":{"line":104,"column":0},"end":{"line":104,"column":64}},"104":{"start":{"line":105,"column":0},"end":{"line":105,"column":41}},"105":{"start":{"line":106,"column":0},"end":{"line":106,"column":2}},"106":{"start":{"line":107,"column":0},"end":{"line":107,"column":0}},"107":{"start":{"line":108,"column":0},"end":{"line":108,"column":9}},"108":{"start":{"line":109,"column":0},"end":{"line":109,"column":19}},"109":{"start":{"line":110,"column":0},"end":{"line":110,"column":15}},"110":{"start":{"line":111,"column":0},"end":{"line":111,"column":9}},"111":{"start":{"line":112,"column":0},"end":{"line":112,"column":15}},"112":{"start":{"line":113,"column":0},"end":{"line":113,"column":12}},"113":{"start":{"line":114,"column":0},"end":{"line":114,"column":21}},"114":{"start":{"line":115,"column":0},"end":{"line":115,"column":22}},"115":{"start":{"line":116,"column":0},"end":{"line":116,"column":10}},"116":{"start":{"line":117,"column":0},"end":{"line":117,"column":20}},"117":{"start":{"line":118,"column":0},"end":{"line":118,"column":11}},"118":{"start":{"line":119,"column":0},"end":{"line":119,"column":17}},"119":{"start":{"line":120,"column":0},"end":{"line":120,"column":17}},"120":{"start":{"line":121,"column":0},"end":{"line":121,"column":21}},"121":{"start":{"line":122,"column":0},"end":{"line":122,"column":25}},"122":{"start":{"line":123,"column":0},"end":{"line":123,"column":15}},"123":{"start":{"line":124,"column":0},"end":{"line":124,"column":2}},"124":{"start":{"line":125,"column":0},"end":{"line":125,"column":1}},"125":{"start":{"line":126,"column":0},"end":{"line":126,"column":0}},"126":{"start":{"line":127,"column":0},"end":{"line":127,"column":18}}},"s":{"0":1,"1":1,"2":1,"3":1,"4":1,"5":1,"6":29,"7":29,"8":29,"9":29,"10":29,"11":29,"12":29,"13":29,"14":29,"15":29,"16":29,"17":29,"18":29,"19":29,"20":29,"21":29,"22":29,"23":29,"24":29,"25":29,"26":29,"27":10,"28":10,"29":10,"30":10,"31":10,"32":10,"33":29,"34":29,"35":4,"36":4,"37":4,"38":4,"39":4,"40":4,"41":4,"42":4,"43":4,"44":4,"45":4,"46":4,"47":4,"48":29,"49":29,"50":2,"51":2,"52":2,"53":2,"54":2,"55":2,"56":2,"57":2,"58":2,"59":29,"60":29,"61":4,"62":4,"63":4,"64":4,"65":4,"66":4,"67":4,"68":4,"69":29,"70":29,"71":2,"72":2,"73":2,"74":2,"75":2,"76":2,"77":2,"78":2,"79":29,"80":29,"81":2,"82":2,"83":2,"84":2,"85":2,"86":2,"87":2,"88":2,"89":29,"90":29,"91":2,"92":2,"93":29,"94":29,"95":9,"96":9,"97":9,"98":29,"99":29,"100":1,"101":1,"102":29,"103":29,"104":0,"105":0,"106":29,"107":29,"108":29,"109":29,"110":29,"111":29,"112":29,"113":29,"114":29,"115":29,"116":29,"117":29,"118":29,"119":29,"120":29,"121":29,"122":29,"123":29,"124":29,"125":1,"126":1},"branchMap":{"0":{"type":"branch","line":7,"loc":{"start":{"line":7,"column":0},"end":{"line":125,"column":1}},"locations":[{"start":{"line":7,"column":0},"end":{"line":125,"column":1}}]},"1":{"type":"branch","line":27,"loc":{"start":{"line":27,"column":22},"end":{"line":33,"column":2}},"locations":[{"start":{"line":27,"column":22},"end":{"line":33,"column":2}}]},"2":{"type":"branch","line":31,"loc":{"start":{"line":31,"column":28},"end":{"line":31,"column":39}},"locations":[{"start":{"line":31,"column":28},"end":{"line":31,"column":39}}]},"3":{"type":"branch","line":35,"loc":{"start":{"line":35,"column":32},"end":{"line":48,"column":2}},"locations":[{"start":{"line":35,"column":32},"end":{"line":48,"column":2}}]},"4":{"type":"branch","line":50,"loc":{"start":{"line":50,"column":28},"end":{"line":59,"column":2}},"locations":[{"start":{"line":50,"column":28},"end":{"line":59,"column":2}}]},"5":{"type":"branch","line":61,"loc":{"start":{"line":61,"column":17},"end":{"line":69,"column":2}},"locations":[{"start":{"line":61,"column":17},"end":{"line":69,"column":2}}]},"6":{"type":"branch","line":71,"loc":{"start":{"line":71,"column":27},"end":{"line":79,"column":2}},"locations":[{"start":{"line":71,"column":27},"end":{"line":79,"column":2}}]},"7":{"type":"branch","line":81,"loc":{"start":{"line":81,"column":23},"end":{"line":89,"column":2}},"locations":[{"start":{"line":81,"column":23},"end":{"line":89,"column":2}}]},"8":{"type":"branch","line":91,"loc":{"start":{"line":91,"column":24},"end":{"line":93,"column":2}},"locations":[{"start":{"line":91,"column":24},"end":{"line":93,"column":2}}]},"9":{"type":"branch","line":92,"loc":{"start":{"line":92,"column":47},"end":{"line":92,"column":69}},"locations":[{"start":{"line":92,"column":47},"end":{"line":92,"column":69}}]},"10":{"type":"branch","line":95,"loc":{"start":{"line":95,"column":18},"end":{"line":98,"column":2}},"locations":[{"start":{"line":95,"column":18},"end":{"line":98,"column":2}}]},"11":{"type":"branch","line":100,"loc":{"start":{"line":100,"column":28},"end":{"line":102,"column":2}},"locations":[{"start":{"line":100,"column":28},"end":{"line":102,"column":2}}]},"12":{"type":"branch","line":127,"loc":{"start":{"line":127,"column":9},"end":{"line":127,"column":18}},"locations":[{"start":{"line":127,"column":9},"end":{"line":127,"column":18}}]}},"b":{"0":[29],"1":[10],"2":[0],"3":[4],"4":[2],"5":[4],"6":[2],"7":[2],"8":[2],"9":[10],"10":[9],"11":[1],"12":[29]},"fnMap":{"0":{"name":"useForm","decl":{"start":{"line":7,"column":0},"end":{"line":125,"column":1}},"loc":{"start":{"line":7,"column":0},"end":{"line":125,"column":1}},"line":7},"1":{"name":"handleChange","decl":{"start":{"line":27,"column":22},"end":{"line":33,"column":2}},"loc":{"start":{"line":27,"column":22},"end":{"line":33,"column":2}},"line":27},"2":{"name":"handleChangeDatePicker","decl":{"start":{"line":35,"column":32},"end":{"line":48,"column":2}},"loc":{"start":{"line":35,"column":32},"end":{"line":48,"column":2}},"line":35},"3":{"name":"handleChangeSelect","decl":{"start":{"line":50,"column":28},"end":{"line":59,"column":2}},"loc":{"start":{"line":50,"column":28},"end":{"line":59,"column":2}},"line":50},"4":{"name":"isValid","decl":{"start":{"line":61,"column":17},"end":{"line":69,"column":2}},"loc":{"start":{"line":61,"column":17},"end":{"line":69,"column":2}},"line":61},"5":{"name":"isValidDatePicker","decl":{"start":{"line":71,"column":27},"end":{"line":79,"column":2}},"loc":{"start":{"line":71,"column":27},"end":{"line":79,"column":2}},"line":71},"6":{"name":"isValidSelect","decl":{"start":{"line":81,"column":23},"end":{"line":89,"column":2}},"loc":{"start":{"line":81,"column":23},"end":{"line":89,"column":2}},"line":81},"7":{"name":"isValidateForm","decl":{"start":{"line":91,"column":24},"end":{"line":93,"column":2}},"loc":{"start":{"line":91,"column":24},"end":{"line":93,"column":2}},"line":91},"8":{"name":"getError","decl":{"start":{"line":95,"column":18},"end":{"line":98,"column":2}},"loc":{"start":{"line":95,"column":18},"end":{"line":98,"column":2}},"line":95},"9":{"name":"getErrorDatePicker","decl":{"start":{"line":100,"column":28},"end":{"line":102,"column":2}},"loc":{"start":{"line":100,"column":28},"end":{"line":102,"column":2}},"line":100},"10":{"name":"getErrorSelect","decl":{"start":{"line":104,"column":24},"end":{"line":106,"column":2}},"loc":{"start":{"line":104,"column":24},"end":{"line":106,"column":2}},"line":104},"11":{"name":"get","decl":{"start":{"line":127,"column":9},"end":{"line":127,"column":18}},"loc":{"start":{"line":127,"column":9},"end":{"line":127,"column":18}},"line":127}},"f":{"0":29,"1":10,"2":4,"3":2,"4":4,"5":2,"6":2,"7":2,"8":9,"9":1,"10":0,"11":29}}
,"C:\\Users\\Admin\\Desktop\\Workspace\\DEV\\Openclassrooms\\Projets_Openclassrooms_concepteur_app_react\\Project_14_wealth_health\\WealthHealth_Employee_Management\\src\\mocks\\department.ts": {"path":"C:\\Users\\Admin\\Desktop\\Workspace\\DEV\\Openclassrooms\\Projets_Openclassrooms_concepteur_app_react\\Project_14_wealth_health\\WealthHealth_Employee_Management\\src\\mocks\\department.ts","all":false,"statementMap":{"0":{"start":{"line":1,"column":0},"end":{"line":1,"column":82}}},"s":{"0":1},"branchMap":{"0":{"type":"branch","line":1,"loc":{"start":{"line":1,"column":81},"end":{"line":1,"column":82}},"locations":[{"start":{"line":1,"column":81},"end":{"line":1,"column":82}}]}},"b":{"0":[8]},"fnMap":{"0":{"name":"get","decl":{"start":{"line":1,"column":81},"end":{"line":1,"column":82}},"loc":{"start":{"line":1,"column":81},"end":{"line":1,"column":82}},"line":1}},"f":{"0":8}}
,"C:\\Users\\Admin\\Desktop\\Workspace\\DEV\\Openclassrooms\\Projets_Openclassrooms_concepteur_app_react\\Project_14_wealth_health\\WealthHealth_Employee_Management\\src\\mocks\\states.ts": {"path":"C:\\Users\\Admin\\Desktop\\Workspace\\DEV\\Openclassrooms\\Projets_Openclassrooms_concepteur_app_react\\Project_14_wealth_health\\WealthHealth_Employee_Management\\src\\mocks\\states.ts","all":false,"statementMap":{"0":{"start":{"line":1,"column":0},"end":{"line":1,"column":35}},"1":{"start":{"line":2,"column":0},"end":{"line":2,"column":0}},"2":{"start":{"line":3,"column":0},"end":{"line":3,"column":32}},"3":{"start":{"line":4,"column":0},"end":{"line":4,"column":2}},"4":{"start":{"line":5,"column":0},"end":{"line":5,"column":18}},"5":{"start":{"line":6,"column":0},"end":{"line":6,"column":20}},"6":{"start":{"line":7,"column":0},"end":{"line":7,"column":3}},"7":{"start":{"line":8,"column":0},"end":{"line":8,"column":2}},"8":{"start":{"line":9,"column":0},"end":{"line":9,"column":17}},"9":{"start":{"line":10,"column":0},"end":{"line":10,"column":20}},"10":{"start":{"line":11,"column":0},"end":{"line":11,"column":3}},"11":{"start":{"line":12,"column":0},"end":{"line":12,"column":2}},"12":{"start":{"line":13,"column":0},"end":{"line":13,"column":25}},"13":{"start":{"line":14,"column":0},"end":{"line":14,"column":20}},"14":{"start":{"line":15,"column":0},"end":{"line":15,"column":3}},"15":{"start":{"line":16,"column":0},"end":{"line":16,"column":2}},"16":{"start":{"line":17,"column":0},"end":{"line":17,"column":18}},"17":{"start":{"line":18,"column":0},"end":{"line":18,"column":20}},"18":{"start":{"line":19,"column":0},"end":{"line":19,"column":3}},"19":{"start":{"line":20,"column":0},"end":{"line":20,"column":2}},"20":{"start":{"line":21,"column":0},"end":{"line":21,"column":19}},"21":{"start":{"line":22,"column":0},"end":{"line":22,"column":20}},"22":{"start":{"line":23,"column":0},"end":{"line":23,"column":3}},"23":{"start":{"line":24,"column":0},"end":{"line":24,"column":2}},"24":{"start":{"line":25,"column":0},"end":{"line":25,"column":21}},"25":{"start":{"line":26,"column":0},"end":{"line":26,"column":20}},"26":{"start":{"line":27,"column":0},"end":{"line":27,"column":3}},"27":{"start":{"line":28,"column":0},"end":{"line":28,"column":2}},"28":{"start":{"line":29,"column":0},"end":{"line":29,"column":19}},"29":{"start":{"line":30,"column":0},"end":{"line":30,"column":20}},"30":{"start":{"line":31,"column":0},"end":{"line":31,"column":3}},"31":{"start":{"line":32,"column":0},"end":{"line":32,"column":2}},"32":{"start":{"line":33,"column":0},"end":{"line":33,"column":22}},"33":{"start":{"line":34,"column":0},"end":{"line":34,"column":20}},"34":{"start":{"line":35,"column":0},"end":{"line":35,"column":3}},"35":{"start":{"line":36,"column":0},"end":{"line":36,"column":2}},"36":{"start":{"line":37,"column":0},"end":{"line":37,"column":19}},"37":{"start":{"line":38,"column":0},"end":{"line":38,"column":20}},"38":{"start":{"line":39,"column":0},"end":{"line":39,"column":3}},"39":{"start":{"line":40,"column":0},"end":{"line":40,"column":2}},"40":{"start":{"line":41,"column":0},"end":{"line":41,"column":31}},"41":{"start":{"line":42,"column":0},"end":{"line":42,"column":20}},"42":{"start":{"line":43,"column":0},"end":{"line":43,"column":3}},"43":{"start":{"line":44,"column":0},"end":{"line":44,"column":2}},"44":{"start":{"line":45,"column":0},"end":{"line":45,"column":41}},"45":{"start":{"line":46,"column":0},"end":{"line":46,"column":20}},"46":{"start":{"line":47,"column":0},"end":{"line":47,"column":3}},"47":{"start":{"line":48,"column":0},"end":{"line":48,"column":2}},"48":{"start":{"line":49,"column":0},"end":{"line":49,"column":18}},"49":{"start":{"line":50,"column":0},"end":{"line":50,"column":20}},"50":{"start":{"line":51,"column":0},"end":{"line":51,"column":3}},"51":{"start":{"line":52,"column":0},"end":{"line":52,"column":2}},"52":{"start":{"line":53,"column":0},"end":{"line":53,"column":18}},"53":{"start":{"line":54,"column":0},"end":{"line":54,"column":20}},"54":{"start":{"line":55,"column":0},"end":{"line":55,"column":3}},"55":{"start":{"line":56,"column":0},"end":{"line":56,"column":2}},"56":{"start":{"line":57,"column":0},"end":{"line":57,"column":15}},"57":{"start":{"line":58,"column":0},"end":{"line":58,"column":20}},"58":{"start":{"line":59,"column":0},"end":{"line":59,"column":3}},"59":{"start":{"line":60,"column":0},"end":{"line":60,"column":2}},"60":{"start":{"line":61,"column":0},"end":{"line":61,"column":17}},"61":{"start":{"line":62,"column":0},"end":{"line":62,"column":20}},"62":{"start":{"line":63,"column":0},"end":{"line":63,"column":3}},"63":{"start":{"line":64,"column":0},"end":{"line":64,"column":2}},"64":{"start":{"line":65,"column":0},"end":{"line":65,"column":16}},"65":{"start":{"line":66,"column":0},"end":{"line":66,"column":20}},"66":{"start":{"line":67,"column":0},"end":{"line":67,"column":3}},"67":{"start":{"line":68,"column":0},"end":{"line":68,"column":2}},"68":{"start":{"line":69,"column":0},"end":{"line":69,"column":19}},"69":{"start":{"line":70,"column":0},"end":{"line":70,"column":20}},"70":{"start":{"line":71,"column":0},"end":{"line":71,"column":3}},"71":{"start":{"line":72,"column":0},"end":{"line":72,"column":2}},"72":{"start":{"line":73,"column":0},"end":{"line":73,"column":18}},"73":{"start":{"line":74,"column":0},"end":{"line":74,"column":20}},"74":{"start":{"line":75,"column":0},"end":{"line":75,"column":3}},"75":{"start":{"line":76,"column":0},"end":{"line":76,"column":2}},"76":{"start":{"line":77,"column":0},"end":{"line":77,"column":15}},"77":{"start":{"line":78,"column":0},"end":{"line":78,"column":20}},"78":{"start":{"line":79,"column":0},"end":{"line":79,"column":3}},"79":{"start":{"line":80,"column":0},"end":{"line":80,"column":2}},"80":{"start":{"line":81,"column":0},"end":{"line":81,"column":17}},"81":{"start":{"line":82,"column":0},"end":{"line":82,"column":20}},"82":{"start":{"line":83,"column":0},"end":{"line":83,"column":3}},"83":{"start":{"line":84,"column":0},"end":{"line":84,"column":2}},"84":{"start":{"line":85,"column":0},"end":{"line":85,"column":19}},"85":{"start":{"line":86,"column":0},"end":{"line":86,"column":20}},"86":{"start":{"line":87,"column":0},"end":{"line":87,"column":3}},"87":{"start":{"line":88,"column":0},"end":{"line":88,"column":2}},"88":{"start":{"line":89,"column":0},"end":{"line":89,"column":20}},"89":{"start":{"line":90,"column":0},"end":{"line":90,"column":20}},"90":{"start":{"line":91,"column":0},"end":{"line":91,"column":3}},"91":{"start":{"line":92,"column":0},"end":{"line":92,"column":2}},"92":{"start":{"line":93,"column":0},"end":{"line":93,"column":16}},"93":{"start":{"line":94,"column":0},"end":{"line":94,"column":20}},"94":{"start":{"line":95,"column":0},"end":{"line":95,"column":3}},"95":{"start":{"line":96,"column":0},"end":{"line":96,"column":2}},"96":{"start":{"line":97,"column":0},"end":{"line":97,"column":27}},"97":{"start":{"line":98,"column":0},"end":{"line":98,"column":20}},"98":{"start":{"line":99,"column":0},"end":{"line":99,"column":3}},"99":{"start":{"line":100,"column":0},"end":{"line":100,"column":2}},"100":{"start":{"line":101,"column":0},"end":{"line":101,"column":19}},"101":{"start":{"line":102,"column":0},"end":{"line":102,"column":20}},"102":{"start":{"line":103,"column":0},"end":{"line":103,"column":3}},"103":{"start":{"line":104,"column":0},"end":{"line":104,"column":2}},"104":{"start":{"line":105,"column":0},"end":{"line":105,"column":24}},"105":{"start":{"line":106,"column":0},"end":{"line":106,"column":20}},"106":{"start":{"line
[...]
,"C:\\Users\\Admin\\Desktop\\Workspace\\DEV\\Openclassrooms\\Projets_Openclassrooms_concepteur_app_react\\Project_14_wealth_health\\WealthHealth_Employee_Management\\src\\utils\\ErrorMessage.ts": {"path":"C:\\Users\\Admin\\Desktop\\Workspace\\DEV\\Openclassrooms\\Projets_Openclassrooms_concepteur_app_react\\Project_14_wealth_health\\WealthHealth_Employee_Management\\src\\utils\\ErrorMessage.ts","all":false,"statementMap":{"0":{"start":{"line":1,"column":0},"end":{"line":1,"column":20}},"1":{"start":{"line":2,"column":0},"end":{"line":2,"column":46}},"2":{"start":{"line":3,"column":0},"end":{"line":3,"column":84}},"3":{"start":{"line":4,"column":0},"end":{"line":4,"column":47}},"4":{"start":{"line":5,"column":0},"end":{"line":5,"column":76}},"5":{"start":{"line":6,"column":0},"end":{"line":6,"column":65}},"6":{"start":{"line":7,"column":0},"end":{"line":7,"column":0}},"7":{"start":{"line":8,"column":0},"end":{"line":8,"column":38}},"8":{"start":{"line":9,"column":0},"end":{"line":9,"column":48}},"9":{"start":{"line":10,"column":0},"end":{"line":10,"column":23}},"10":{"start":{"line":11,"column":0},"end":{"line":11,"column":2}},"11":{"start":{"line":12,"column":0},"end":{"line":12,"column":0}},"12":{"start":{"line":13,"column":0},"end":{"line":13,"column":25}},"13":{"start":{"line":14,"column":0},"end":{"line":14,"column":24}},"14":{"start":{"line":15,"column":0},"end":{"line":15,"column":2}},"15":{"start":{"line":16,"column":0},"end":{"line":16,"column":0}},"16":{"start":{"line":17,"column":0},"end":{"line":17,"column":27}},"17":{"start":{"line":18,"column":0},"end":{"line":18,"column":24}},"18":{"start":{"line":19,"column":0},"end":{"line":19,"column":2}},"19":{"start":{"line":20,"column":0},"end":{"line":20,"column":0}},"20":{"start":{"line":21,"column":0},"end":{"line":21,"column":40}},"21":{"start":{"line":22,"column":0},"end":{"line":22,"column":48}},"22":{"start":{"line":23,"column":0},"end":{"line":23,"column":25}},"23":{"start":{"line":24,"column":0},"end":{"line":24,"column":2}},"24":{"start":{"line":25,"column":0},"end":{"line":25,"column":0}},"25":{"start":{"line":26,"column":0},"end":{"line":26,"column":38}},"26":{"start":{"line":27,"column":0},"end":{"line":27,"column":48}},"27":{"start":{"line":28,"column":0},"end":{"line":28,"column":23}},"28":{"start":{"line":29,"column":0},"end":{"line":29,"column":2}},"29":{"start":{"line":30,"column":0},"end":{"line":30,"column":0}},"30":{"start":{"line":31,"column":0},"end":{"line":31,"column":41}},"31":{"start":{"line":32,"column":0},"end":{"line":32,"column":48}},"32":{"start":{"line":33,"column":0},"end":{"line":33,"column":26}},"33":{"start":{"line":34,"column":0},"end":{"line":34,"column":2}},"34":{"start":{"line":35,"column":0},"end":{"line":35,"column":0}},"35":{"start":{"line":36,"column":0},"end":{"line":36,"column":59}},"36":{"start":{"line":37,"column":0},"end":{"line":37,"column":15}},"37":{"start":{"line":38,"column":0},"end":{"line":38,"column":20}},"38":{"start":{"line":39,"column":0},"end":{"line":39,"column":45}},"39":{"start":{"line":40,"column":0},"end":{"line":40,"column":19}},"40":{"start":{"line":41,"column":0},"end":{"line":41,"column":45}},"41":{"start":{"line":42,"column":0},"end":{"line":42,"column":19}},"42":{"start":{"line":43,"column":0},"end":{"line":43,"column":30}},"43":{"start":{"line":44,"column":0},"end":{"line":44,"column":20}},"44":{"start":{"line":45,"column":0},"end":{"line":45,"column":30}},"45":{"start":{"line":46,"column":0},"end":{"line":46,"column":15}},"46":{"start":{"line":47,"column":0},"end":{"line":47,"column":45}},"47":{"start":{"line":48,"column":0},"end":{"line":48,"column":17}},"48":{"start":{"line":49,"column":0},"end":{"line":49,"column":47}},"49":{"start":{"line":50,"column":0},"end":{"line":50,"column":18}},"50":{"start":{"line":51,"column":0},"end":{"line":51,"column":48}},"51":{"start":{"line":52,"column":0},"end":{"line":52,"column":16}},"52":{"start":{"line":53,"column":0},"end":{"line":53,"column":32}},"53":{"start":{"line":54,"column":0},"end":{"line":54,"column":21}},"54":{"start":{"line":55,"column":0},"end":{"line":55,"column":32}},"55":{"start":{"line":56,"column":0},"end":{"line":56,"column":11}},"56":{"start":{"line":57,"column":0},"end":{"line":57,"column":26}},"57":{"start":{"line":58,"column":0},"end":{"line":58,"column":3}},"58":{"start":{"line":59,"column":0},"end":{"line":59,"column":2}},"59":{"start":{"line":60,"column":0},"end":{"line":60,"column":1}},"60":{"start":{"line":61,"column":0},"end":{"line":61,"column":0}},"61":{"start":{"line":62,"column":0},"end":{"line":62,"column":27}}},"s":{"0":1,"1":1,"2":29,"3":29,"4":29,"5":29,"6":1,"7":1,"8":2,"9":1,"10":2,"11":1,"12":1,"13":1,"14":1,"15":1,"16":1,"17":1,"18":1,"19":1,"20":1,"21":2,"22":1,"23":2,"24":1,"25":1,"26":2,"27":1,"28":2,"29":1,"30":1,"31":2,"32":1,"33":2,"34":1,"35":1,"36":10,"37":10,"38":2,"39":10,"40":0,"41":10,"42":1,"43":10,"44":0,"45":10,"46":2,"47":10,"48":2,"49":10,"50":2,"51":10,"52":0,"53":10,"54":1,"55":10,"56":0,"57":10,"58":10,"59":1,"60":1,"61":1},"branchMap":{"0":{"type":"branch","line":2,"loc":{"start":{"line":2,"column":9},"end":{"line":6,"column":65}},"locations":[{"start":{"line":2,"column":9},"end":{"line":6,"column":65}}]},"1":{"type":"branch","line":8,"loc":{"start":{"line":8,"column":9},"end":{"line":11,"column":2}},"locations":[{"start":{"line":8,"column":9},"end":{"line":11,"column":2}}]},"2":{"type":"branch","line":9,"loc":{"start":{"line":9,"column":26},"end":{"line":10,"column":23}},"locations":[{"start":{"line":9,"column":26},"end":{"line":10,"column":23}}]},"3":{"type":"branch","line":13,"loc":{"start":{"line":13,"column":9},"end":{"line":15,"column":2}},"locations":[{"start":{"line":13,"column":9},"end":{"line":15,"column":2}}]},"4":{"type":"branch","line":17,"loc":{"start":{"line":17,"column":9},"end":{"line":19,"column":2}},"locations":[{"start":{"line":17,"column":9},"end":{"line":19,"column":2}}]},"5":{"type":"branch","line":21,"loc":{"start":{"line":21,"column":9},"end":{"line":24,"column":2}},"locations":[{"start":{"line":21,"column":9},"end":{"line":24,"column":2}}]},"6":{"type":"branch","line":22,"loc":{"start":{"line":22,"column":26},"end":{"line":23,"column":25}},"locations":[{"start":{"line":22,"column":26},"end":{"line":23,"column":25}}]},"7":{"type":"branch","line":26,"loc":{"start":{"line":26,"column":9},"end":{"line":29,"column":2}},"locations":[{"start":{"line":26,"column":9},"end":{"line":29,"column":2}}]},"8":{"type":"branch","line":27,"loc":{"start":{"line":27,"column":26},"end":{"line":28,"column":23}},"locations":[{"start":{"line":27,"column":26},"end":{"line":28,"column":23}}]},"9":{"type":"branch","line":31,"loc":{"start":{"line":31,"column":9},"end":{"line":34,"column":2}},"locations":[{"start":{"line":31,"column":9},"end":{"line":34,"column":2}}]},"10":{"type":"branch","line":32,"loc":{"start":{"line":32,"column":26},"end":{"line":33,"column":26}},"locations":[{"start":{"line":32,"column":26},"end":{"line":33,"column":26}}]},"11":{"type":"branch","line":36,"loc":{"start":{"line":36,"column":8},"end":{"line":59,"column":2}},"locations":[{"start":{"line":36,"column":8},"end":{"line":59,"column":2}}]},"12":{"type":"branch","line":38,"loc":{"start":{"line":38,"column":3},"end":{"line":39,"column":45}},"locations":[{"start":{"line":38,"column":3},"end":{"line":39,"column":45}}]},"13":{"type":"branch","line":40,"loc":{"start":{"line":40,"column":3},"end":{"line":41,"column":45}},"locations":[{"start":{"line":40,"column":3},"end":{"line":41,"column":45}}]},"14":{"type":"branch","line":42,"loc":{"start":{"line":42,"column":3},"end":{"line":43,"column":30}},"locations":[{"start":{"line":42,"column":3},"end":{"line":43,"column":30}}]},"15":{"type":"branch","line":44,"loc":{"start":{"line":44,"column":3},"end":{"line":45,"column":30}},"locations":[{"start":{"line":44,"column":3},"end":{"line":45,"column":30}}]},"16":{"type":"branch","line":46,"loc":{"start":{"line":46,"column":3},"end":{"line":47,"column":45}},"locations":[{"start":{"line":46,"column":3},"end":{"line":47,"column":45}}]},"17":{"type":"branch","line":48,"loc":{"start":{"line":48,"column":3},"end":{"line":49,"column":47}},"locations":[{"start":{"line":48,"column":3},"end":{"line":49,"column":47}}]},"18":{"type":"branch","line":50,"loc":{"start":{"line":50,"column":3},"end":{"line":51,"column":48}},"locations":[{"start":{"line":50,"column":3},"end":{"line":51,"column":48}}]},"19":{"type":"branch","line":52,"loc":{"start":{"line":52,"column":3},"end":{"line":53,"column":32}},"locations":[{"start":{"line":52,"column":3},"end":{"line":53,"column":32}}]},"20":{"type":"branch","line":54,"loc":{"start":{"line":54,"column":3},"end":{"line":55,"column":32}},"locations":[{"start":{"line":54,"column":3},"end":{"line":55,"column":32}}]},"21":{"type":"branch","line":56,"loc":{"start":{"line":56,"column":3},"end":{"line":57,"column":26}},"locations":[{"start":{"line":56,"column":3},"end":{"line":57,"column":26}}]}},"b":{"0":[29],"1":[2],"2":[1],"3":[1],"4":[1],"5":[2],"6":[1],"7":[2],"8":[1],"9":[2],"10":[1],"11":[10],"12":[2],"13":[0],"14":[1],"15":[0],"16":[2],"17":[2],"18":[2],"19":[0],"20":[1],"21":[0]},"fnMap":{"0":{"name":"<instance_members_initializer>","decl":{"start":{"line":2,"column":9},"end":{"line":6,"column":65}},"loc":{"start":{"line":2,"column":9},"end":{"line":6,"column":65}},"line":2},"1":{"name":"getErrorName","decl":{"start":{"line":8,"column":9},"end":{"line":11,"column":2}},"loc":{"start":{"line":8,"column":9},"end":{"line":11,"column":2}},"line":8},"2":{"name":"getErrorDate","decl":{"start":{"line":13,"column":9},"end":{"line":15,"column":2}},"loc":{"start":{"line":13,"column":9},"end":{"line":15,"column":2}},"line":13},"3":{"name":"getErrorSelect","decl":{"start":{"line":17,"column":9},"end":{"line":19,"column":2}},"loc":{"start":{"line":17,"column":9},"end":{"line":19,"column":2}},"line":17},"4":{"name":"getErrorStreet","decl":{"start":{"line":21,"column":9},"end":{"line":24,"column":2}},"loc":{"start":{"line":21,"column":9},"end":{"line":24,"column":2}},"line":21},"5":{"name":"getErrorCity","decl":{"start":{"line":26,"column":9},"end":{"line":29,"column":2}},"loc":{"start":{"line":26,"column":9},"end":{"line":29,"column":2}},"line":26},"6":{"name":"getErrorZipCode","decl":{"start":{"line":31,"column":9},"end":{"line":34,"column":2}},"loc":{"start":{"line":31,"column":9},"end":{"line":34,"column":2}},"line":31},"7":{"name":"getErrorMessage","decl":{"start":{"line":36,"column":8},"end":{"line":59,"column":2}},"loc":{"start":{"line":36,"column":8},"end":{"line":59,"column":2}},"line":36}},"f":{"0":29,"1":2,"2":1,"3":1,"4":2,"5":2,"6":2,"7":10}}
,"C:\\Users\\Admin\\Desktop\\Workspace\\DEV\\Openclassrooms\\Projets_Openclassrooms_concepteur_app_react\\Project_14_wealth_health\\WealthHealth_Employee_Management\\src\\utils\\ValidInput.ts": {"path":"C:\\Users\\Admin\\Desktop\\Workspace\\DEV\\Openclassrooms\\Projets_Openclassrooms_concepteur_app_react\\Project_14_wealth_health\\WealthHealth_Employee_Management\\src\\utils\\ValidInput.ts","all":false,"statementMap":{"0":{"start":{"line":1,"column":0},"end":{"line":1,"column":18}},"1":{"start":{"line":2,"column":0},"end":{"line":2,"column":56}},"2":{"start":{"line":3,"column":0},"end":{"line":3,"column":15}},"3":{"start":{"line":4,"column":0},"end":{"line":4,"column":20}},"4":{"start":{"line":5,"column":0},"end":{"line":5,"column":44}},"5":{"start":{"line":6,"column":0},"end":{"line":6,"column":19}},"6":{"start":{"line":7,"column":0},"end":{"line":7,"column":44}},"7":{"start":{"line":8,"column":0},"end":{"line":8,"column":19}},"8":{"start":{"line":9,"column":0},"end":{"line":9,"column":42}},"9":{"start":{"line":10,"column":0},"end":{"line":10,"column":20}},"10":{"start":{"line":11,"column":0},"end":{"line":11,"column":42}},"11":{"start":{"line":12,"column":0},"end":{"line":12,"column":15}},"12":{"start":{"line":13,"column":0},"end":{"line":13,"column":44}},"13":{"start":{"line":14,"column":0},"end":{"line":14,"column":17}},"14":{"start":{"line":15,"column":0},"end":{"line":15,"column":46}},"15":{"start":{"line":16,"column":0},"end":{"line":16,"column":18}},"16":{"start":{"line":17,"column":0},"end":{"line":17,"column":47}},"17":{"start":{"line":18,"column":0},"end":{"line":18,"column":16}},"18":{"start":{"line":19,"column":0},"end":{"line":19,"column":46}},"19":{"start":{"line":20,"column":0},"end":{"line":20,"column":21}},"20":{"start":{"line":21,"column":0},"end":{"line":21,"column":46}},"21":{"start":{"line":22,"column":0},"end":{"line":22,"column":11}},"22":{"start":{"line":23,"column":0},"end":{"line":23,"column":36}},"23":{"start":{"line":24,"column":0},"end":{"line":24,"column":3}},"24":{"start":{"line":25,"column":0},"end":{"line":25,"column":2}},"25":{"start":{"line":26,"column":0},"end":{"line":26,"column":0}},"26":{"start":{"line":27,"column":0},"end":{"line":27,"column":46}},"27":{"start":{"line":28,"column":0},"end":{"line":28,"column":26}},"28":{"start":{"line":29,"column":0},"end":{"line":29,"column":80}},"29":{"start":{"line":30,"column":0},"end":{"line":30,"column":31}},"30":{"start":{"line":31,"column":0},"end":{"line":31,"column":2}},"31":{"start":{"line":32,"column":0},"end":{"line":32,"column":0}},"32":{"start":{"line":33,"column":0},"end":{"line":33,"column":51}},"33":{"start":{"line":34,"column":0},"end":{"line":34,"column":23}},"34":{"start":{"line":35,"column":0},"end":{"line":35,"column":2}},"35":{"start":{"line":36,"column":0},"end":{"line":36,"column":0}},"36":{"start":{"line":37,"column":0},"end":{"line":37,"column":48}},"37":{"start":{"line":38,"column":0},"end":{"line":38,"column":24}},"38":{"start":{"line":39,"column":0},"end":{"line":39,"column":91}},"39":{"start":{"line":40,"column":0},"end":{"line":40,"column":33}},"40":{"start":{"line":41,"column":0},"end":{"line":41,"column":2}},"41":{"start":{"line":42,"column":0},"end":{"line":42,"column":0}},"42":{"start":{"line":43,"column":0},"end":{"line":43,"column":46}},"43":{"start":{"line":44,"column":0},"end":{"line":44,"column":18}},"44":{"start":{"line":45,"column":0},"end":{"line":45,"column":70}},"45":{"start":{"line":46,"column":0},"end":{"line":46,"column":31}},"46":{"start":{"line":47,"column":0},"end":{"line":47,"column":2}},"47":{"start":{"line":48,"column":0},"end":{"line":48,"column":0}},"48":{"start":{"line":49,"column":0},"end":{"line":49,"column":49}},"49":{"start":{"line":50,"column":0},"end":{"line":50,"column":27}},"50":{"start":{"line":51,"column":0},"end":{"line":51,"column":52}},"51":{"start":{"line":52,"column":0},"end":{"line":52,"column":34}},"52":{"start":{"line":53,"column":0},"end":{"line":53,"column":2}},"53":{"start":{"line":54,"column":0},"end":{"line":54,"column":0}},"54":{"start":{"line":55,"column":0},"end":{"line":55,"column":46}},"55":{"start":{"line":56,"column":0},"end":{"line":56,"column":23}},"56":{"start":{"line":57,"column":0},"end":{"line":57,"column":2}},"57":{"start":{"line":58,"column":0},"end":{"line":58,"column":1}},"58":{"start":{"line":59,"column":0},"end":{"line":59,"column":0}},"59":{"start":{"line":60,"column":0},"end":{"line":60,"column":25}}},"s":{"0":1,"1":1,"2":8,"3":8,"4":1,"5":8,"6":0,"7":8,"8":1,"9":8,"10":1,"11":8,"12":1,"13":8,"14":1,"15":8,"16":1,"17":8,"18":1,"19":8,"20":1,"21":8,"22":0,"23":8,"24":8,"25":1,"26":1,"27":1,"28":1,"29":1,"30":1,"31":1,"32":1,"33":2,"34":2,"35":1,"36":1,"37":1,"38":1,"39":1,"40":1,"41":1,"42":1,"43":1,"44":1,"45":1,"46":1,"47":1,"48":1,"49":1,"50":1,"51":1,"52":1,"53":1,"54":1,"55":2,"56":2,"57":1,"58":1,"59":1},"branchMap":{"0":{"type":"branch","line":2,"loc":{"start":{"line":2,"column":8},"end":{"line":25,"column":2}},"locations":[{"start":{"line":2,"column":8},"end":{"line":25,"column":2}}]},"1":{"type":"branch","line":4,"loc":{"start":{"line":4,"column":3},"end":{"line":5,"column":44}},"locations":[{"start":{"line":4,"column":3},"end":{"line":5,"column":44}}]},"2":{"type":"branch","line":6,"loc":{"start":{"line":6,"column":3},"end":{"line":7,"column":44}},"locations":[{"start":{"line":6,"column":3},"end":{"line":7,"column":44}}]},"3":{"type":"branch","line":8,"loc":{"start":{"line":8,"column":3},"end":{"line":9,"column":42}},"locations":[{"start":{"line":8,"column":3},"end":{"line":9,"column":42}}]},"4":{"type":"branch","line":10,"loc":{"start":{"line":10,"column":3},"end":{"line":11,"column":42}},"locations":[{"start":{"line":10,"column":3},"end":{"line":11,"column":42}}]},"5":{"type":"branch","line":12,"loc":{"start":{"line":12,"column":3},"end":{"line":13,"column":44}},"locations":[{"start":{"line":12,"column":3},"end":{"line":13,"column":44}}]},"6":{"type":"branch","line":14,"loc":{"start":{"line":14,"column":3},"end":{"line":15,"column":46}},"locations":[{"start":{"line":14,"column":3},"end":{"line":15,"column":46}}]},"7":{"type":"branch","line":16,"loc":{"start":{"line":16,"column":3},"end":{"line":17,"column":47}},"locations":[{"start":{"line":16,"column":3},"end":{"line":17,"column":47}}]},"8":{"type":"branch","line":18,"loc":{"start":{"line":18,"column":3},"end":{"line":19,"column":46}},"locations":[{"start":{"line":18,"column":3},"end":{"line":19,"column":46}}]},"9":{"type":"branch","line":20,"loc":{"start":{"line":20,"column":3},"end":{"line":21,"column":46}},"locations":[{"start":{"line":20,"column":3},"end":{"line":21,"column":46}}]},"10":{"type":"branch","line":22,"loc":{"start":{"line":22,"column":3},"end":{"line":23,"column":36}},"locations":[{"start":{"line":22,"column":3},"end":{"line":23,"column":36}}]},"11":{"type":"branch","line":27,"loc":{"start":{"line":27,"column":9},"end":{"line":31,"column":2}},"locations":[{"start":{"line":27,"column":9},"end":{"line":31,"column":2}}]},"12":{"type":"branch","line":33,"loc":{"start":{"line":33,"column":9},"end":{"line":35,"column":2}},"locations":[{"start":{"line":33,"column":9},"end":{"line":35,"column":2}}]},"13":{"type":"branch","line":37,"loc":{"start":{"line":37,"column":9},"end":{"line":41,"column":2}},"locations":[{"start":{"line":37,"column":9},"end":{"line":41,"column":2}}]},"14":{"type":"branch","line":43,"loc":{"start":{"line":43,"column":9},"end":{"line":47,"column":2}},"locations":[{"start":{"line":43,"column":9},"end":{"line":47,"column":2}}]},"15":{"type":"branch","line":49,"loc":{"start":{"line":49,"column":9},"end":{"line":53,"column":2}},"locations":[{"start":{"line":49,"column":9},"end":{"line":53,"column":2}}]},"16":{"type":"branch","line":55,"loc":{"start":{"line":55,"column":9},"end":{"line":57,"column":2}},"locations":[{"start":{"line":55,"column":9},"end":{"line":57,"column":2}}]}},"b":{"0":[8],"1":[1],"2":[0],"3":[1],"4":[1],"5":[1],"6":[1],"7":[1],"8":[1],"9":[1],"10":[0],"11":[1],"12":[2],"13":[1],"14":[1],"15":[1],"16":[2]},"fnMap":{"0":{"name":"isValidInput","decl":{"start":{"line":2,"column":8},"end":{"line":25,"column":2}},"loc":{"start":{"line":2,"column":8},"end":{"line":25,"column":2}},"line":2},"1":{"name":"isNameValid","decl":{"start":{"line":27,"column":9},"end":{"line":31,"column":2}},"loc":{"start":{"line":27,"column":9},"end":{"line":31,"column":2}},"line":27},"2":{"name":"isDateValid","decl":{"start":{"line":33,"column":9},"end":{"line":35,"column":2}},"loc":{"start":{"line":33,"column":9},"end":{"line":35,"column":2}},"line":33},"3":{"name":"isStreetValid","decl":{"start":{"line":37,"column":9},"end":{"line":41,"column":2}},"loc":{"start":{"line":37,"column":9},"end":{"line":41,"column":2}},"line":37},"4":{"name":"isCityValid","decl":{"start":{"line":43,"column":9},"end":{"line":47,"column":2}},"loc":{"start":{"line":43,"column":9},"end":{"line":47,"column":2}},"line":43},"5":{"name":"isZipCodeValid","decl":{"start":{"line":49,"column":9},"end":{"line":53,"column":2}},"loc":{"start":{"line":49,"column":9},"end":{"line":53,"column":2}},"line":49},"6":{"name":"isSelectValid","decl":{"start":{"line":55,"column":9},"end":{"line":57,"column":2}},"loc":{"start":{"line":55,"column":9},"end":{"line":57,"column":2}},"line":55}},"f":{"0":8,"1":1,"2":2,"3":1,"4":1,"5":1,"6":2}}
}
